#
# A fatal error has been detected by the Java Runtime Environment:
#
#  EXCEPTION_ACCESS_VIOLATION (0xc0000005) at pc=0x00007ffed0a64693, pid=13436, tid=10344
#
# JRE version: OpenJDK Runtime Environment (11.0.10) (build 11.0.10+0-b96-7249189)
# Java VM: OpenJDK 64-Bit Server VM (11.0.10+0-b96-7249189, mixed mode, tiered, compressed oops, g1 gc, windows-amd64)
# Problematic frame:
# V  [jvm.dll+0x84693]
#
# No core dump will be written. Minidumps are not enabled by default on client versions of Windows
#
# If you would like to submit a bug report, please visit:
#   https://bugreport.java.com/bugreport/crash.jsp
#

---------------  S U M M A R Y ------------

Command Line: --add-opens=java.base/java.util=ALL-UNNAMED --add-opens=java.base/java.lang=ALL-UNNAMED --add-opens=java.base/java.lang.invoke=ALL-UNNAMED --add-opens=java.base/java.util=ALL-UNNAMED --add-opens=java.prefs/java.util.prefs=ALL-UNNAMED --add-opens=java.prefs/java.util.prefs=ALL-UNNAMED --add-opens=java.base/java.nio.charset=ALL-UNNAMED --add-opens=java.base/java.net=ALL-UNNAMED --add-opens=java.base/java.util.concurrent.atomic=ALL-UNNAMED -Xmx2048m -Dfile.encoding=UTF-8 -Duser.country=IN -Duser.language=en -Duser.variant org.gradle.launcher.daemon.bootstrap.GradleDaemon 7.0.2

Host: Intel(R) Core(TM) i5-9300H CPU @ 2.40GHz, 8 cores, 15G,  Windows 10 , 64 bit Build 19041 (10.0.19041.1023)
Time: Fri Aug 13 21:20:15 2021 India Standard Time elapsed time: 10.529325 seconds (0d 0h 0m 10s)

---------------  T H R E A D  ---------------

Current thread (0x0000024c886a8800):  JavaThread "C2 CompilerThread2" daemon [_thread_in_native, id=10344, stack(0x0000007402600000,0x0000007402700000)]


Current CompileTask:
C2:  10529 6313       4       java.beans.Introspector::addMethod (196 bytes)

Stack: [0x0000007402600000,0x0000007402700000],  sp=0x00000074026fba10,  free space=1006k
Native frames: (J=compiled Java code, j=interpreted, Vv=VM code, C=native code)
V  [jvm.dll+0x84693]
V  [jvm.dll+0x5cd632]
V  [jvm.dll+0x619955]
V  [jvm.dll+0x5063a3]
V  [jvm.dll+0x1fcdfd]
V  [jvm.dll+0x1fa77f]
V  [jvm.dll+0x18354c]
V  [jvm.dll+0x208ee7]
V  [jvm.dll+0x207731]
V  [jvm.dll+0x6eb1cf]
V  [jvm.dll+0x6e3d45]
V  [jvm.dll+0x5ebe96]
C  [ucrtbase.dll+0x21bb2]
C  [KERNEL32.DLL+0x17034]
C  [ntdll.dll+0x52651]


siginfo: EXCEPTION_ACCESS_VIOLATION (0xc0000005), reading address 0x0000024ca2b51b88


Register to memory mapping:

RIP=0x00007ffed0a64693 jvm.dll
RAX=0x0000024c82b51d28 points into unknown readable memory: 0x0000024ca2b51b78 | 78 1b b5 a2 4c 02 00 00
RBX=0x0 is NULL
RCX=0x0000024ca2b51b78 is an unknown value
RDX=0x0 is NULL
RSP=0x00000074026fba10 is pointing into the stack for thread: 0x0000024c886a8800
RBP=0x0 is NULL
RSI=0x0 is NULL
RDI=0x0000024c82b51ce0 points into unknown readable memory: 0x00007ffed1252ee8 | e8 2e 25 d1 fe 7f 00 00
R8 =0x0 is NULL
R9 =0x0000024c82b51d28 points into unknown readable memory: 0x0000024ca2b51b78 | 78 1b b5 a2 4c 02 00 00
R10=0xfefefefefefefeff is an unknown value
R11=0x8080808080808080 is an unknown value
R12=0x0 is NULL
R13=0x0 is NULL
R14=0x0000024ca2b51b78 is an unknown value
R15=0x0 is NULL


Registers:
RAX=0x0000024c82b51d28, RBX=0x0000000000000000, RCX=0x0000024ca2b51b78, RDX=0x0000000000000000
RSP=0x00000074026fba10, RBP=0x0000000000000000, RSI=0x0000000000000000, RDI=0x0000024c82b51ce0
R8 =0x0000000000000000, R9 =0x0000024c82b51d28, R10=0xfefefefefefefeff, R11=0x8080808080808080
R12=0x0000000000000000, R13=0x0000000000000000, R14=0x0000024ca2b51b78, R15=0x0000000000000000
RIP=0x00007ffed0a64693, EFLAGS=0x0000000000010206

Top of Stack: (sp=0x00000074026fba10)
0x00000074026fba10:   0000024c830896a8 00000074026fca28
0x00000074026fba20:   0000024c823b6178 0000000000000037
0x00000074026fba30:   0000024c82b51ce0 00007ffed0fad632
0x00000074026fba40:   0000000000000000 00007ffed0ee6e28
0x00000074026fba50:   0000024c830896a8 0000000000000039
0x00000074026fba60:   00000074026fd448 00007ffed0ff9955
0x00000074026fba70:   0000024ca2b51b78 0000024c82b51ce0
0x00000074026fba80:   00000074026fca90 0000000000004000
0x00000074026fba90:   0000000000000000 0000024c883a98d0
0x00000074026fbaa0:   0000000000000009 00000074026fbbc0
0x00000074026fbab0:   0000000000000001 00007ffed0ee63a3
0x00000074026fbac0:   0000024c834c6ff0 00000074026fc070
0x00000074026fbad0:   0000000000000002 00000074026fbb70
0x00000074026fbae0:   0000024c883a98d0 0000000000001000
0x00000074026fbaf0:   0000024c853cdb20 00007ffe00000000
0x00000074026fbb00:   0000024c00000009 00007ffed124de48 

Instructions: (pc=0x00007ffed0a64693)
0x00007ffed0a64593:   00 00 c3 cc cc cc cc cc cc cc cc cc cc b8 08 03
0x00007ffed0a645a3:   00 00 c3 cc cc cc cc cc cc cc cc cc cc b8 1f 03
0x00007ffed0a645b3:   00 00 c3 cc cc cc cc cc cc cc cc cc cc b8 1d 03
0x00007ffed0a645c3:   00 00 c3 cc cc cc cc cc cc cc cc cc cc b8 1e 03
0x00007ffed0a645d3:   00 00 c3 cc cc cc cc cc cc cc cc cc cc b8 14 03
0x00007ffed0a645e3:   00 00 c3 cc cc cc cc cc cc cc cc cc cc b8 12 03
0x00007ffed0a645f3:   00 00 c3 cc cc cc cc cc cc cc cc cc cc b8 13 03
0x00007ffed0a64603:   00 00 c3 cc cc cc cc cc cc cc cc cc cc b8 2a 03
0x00007ffed0a64613:   00 00 c3 cc cc cc cc cc cc cc cc cc cc b8 28 03
0x00007ffed0a64623:   00 00 c3 cc cc cc cc cc cc cc cc cc cc b8 29 03
0x00007ffed0a64633:   00 00 c3 cc cc cc cc cc cc cc cc cc cc b8 dd 02
0x00007ffed0a64643:   00 00 c3 cc cc cc cc cc cc cc cc cc cc b8 dc 02
0x00007ffed0a64653:   00 00 c3 cc cc cc cc cc cc cc cc cc cc b8 c1 02
0x00007ffed0a64663:   00 00 c3 cc cc cc cc cc cc cc cc cc cc 48 89 5c
0x00007ffed0a64673:   24 08 57 48 83 ec 20 48 8b 41 08 48 8b f9 8b d2
0x00007ffed0a64683:   49 8b d8 48 8b 0c d0 4c 8d 0c d0 48 85 c9 74 26
0x00007ffed0a64693:   4c 8b 41 10 4d 85 c0 74 1d 8b 41 20 49 8d 14 c0
0x00007ffed0a646a3:   48 39 7a f8 48 8d 52 f8 75 f6 ff c8 89 41 20 49
0x00007ffed0a646b3:   8b 0c c0 48 89 0a 49 89 19 48 85 db 74 25 48 83
0x00007ffed0a646c3:   7b 10 00 74 1e 8b 53 20 3b 53 24 75 08 48 8b cb
0x00007ffed0a646d3:   e8 58 8b 54 00 8b 4b 20 48 8b 43 10 48 89 3c c8
0x00007ffed0a646e3:   ff 43 20 48 8b 5c 24 30 48 83 c4 20 5f c3 cc cc
0x00007ffed0a646f3:   cc cc cc cc cc cc cc cc cc cc cc cc cc 40 53 48
0x00007ffed0a64703:   83 ec 20 33 d2 48 8b d9 e8 30 62 54 00 33 c9 c7
0x00007ffed0a64713:   43 2c 06 00 00 00 48 8d 05 38 e4 6e 00 89 4b 38
0x00007ffed0a64723:   48 89 03 48 89 4b 40 48 8b 05 ff 6c 9a 00 48 89
0x00007ffed0a64733:   43 58 48 8d 05 d4 de 71 00 48 89 03 48 8d 83 b0
0x00007ffed0a64743:   00 00 00 48 89 43 40 48 8b c3 48 89 4b 60 48 89
0x00007ffed0a64753:   4b 68 89 4b 70 88 8b 98 00 00 00 c7 43 2c be 00
0x00007ffed0a64763:   00 00 c7 43 38 02 00 00 00 48 83 c4 20 5b c3 cc
0x00007ffed0a64773:   cc cc cc cc cc cc cc cc cc cc cc cc cc 40 53 48
0x00007ffed0a64783:   83 ec 20 33 d2 48 8b d9 e8 b0 61 54 00 33 c9 c7 


Stack slot to memory mapping:
stack at sp + 0 slots: 0x0000024c830896a8 points into unknown readable memory: 0x00007ffed11c40f0 | f0 40 1c d1 fe 7f 00 00
stack at sp + 1 slots: 0x00000074026fca28 is pointing into the stack for thread: 0x0000024c886a8800
stack at sp + 2 slots: 0x0000024c823b6178 points into unknown readable memory: 0x00007ffed11c3de0 | e0 3d 1c d1 fe 7f 00 00
stack at sp + 3 slots: 0x0000000000000037 is an unknown value
stack at sp + 4 slots: 0x0000024c82b51ce0 points into unknown readable memory: 0x00007ffed1252ee8 | e8 2e 25 d1 fe 7f 00 00
stack at sp + 5 slots: 0x00007ffed0fad632 jvm.dll
stack at sp + 6 slots: 0x0 is NULL
stack at sp + 7 slots: 0x00007ffed0ee6e28 jvm.dll


---------------  P R O C E S S  ---------------

Threads class SMR info:
_java_thread_list=0x0000024c86689040, length=52, elements={
0x0000024ce29fb800, 0x0000024cff76d800, 0x0000024cff76e800, 0x0000024cff7cd800,
0x0000024cff7d0800, 0x0000024cff7d2000, 0x0000024cff7dd000, 0x0000024cff7e7800,
0x0000024cff7ea800, 0x0000024cff956000, 0x0000024c820b1000, 0x0000024c81fbc000,
0x0000024cffa35800, 0x0000024c80f02000, 0x0000024c82566000, 0x0000024c81dd6800,
0x0000024c8279d000, 0x0000024c8234b800, 0x0000024c81fe3000, 0x0000024c814c1800,
0x0000024c814c2800, 0x0000024c814c1000, 0x0000024c814c0000, 0x0000024c813ba800,
0x0000024c83450000, 0x0000024c8344f800, 0x0000024c83451000, 0x0000024c83452800,
0x0000024c83452000, 0x0000024c83453800, 0x0000024c83454800, 0x0000024c83455000,
0x0000024c836b3000, 0x0000024c836b4800, 0x0000024c836b6000, 0x0000024c836b0800,
0x0000024c836b2000, 0x0000024c836b3800, 0x0000024c836b1000, 0x0000024c836b9800,
0x0000024c836b7800, 0x0000024c836b7000, 0x0000024c836bc000, 0x0000024c836bb000,
0x0000024c836be000, 0x0000024c836bc800, 0x0000024c836bd800, 0x0000024c836ba000,
0x0000024c836b8800, 0x0000024c836bf000, 0x0000024c87e35800, 0x0000024c886a8800
}

Java Threads: ( => current thread )
  0x0000024ce29fb800 JavaThread "main" [_thread_blocked, id=13072, stack(0x000000747fa00000,0x000000747fb00000)]
  0x0000024cff76d800 JavaThread "Reference Handler" daemon [_thread_blocked, id=7552, stack(0x0000007400100000,0x0000007400200000)]
  0x0000024cff76e800 JavaThread "Finalizer" daemon [_thread_blocked, id=12528, stack(0x0000007400200000,0x0000007400300000)]
  0x0000024cff7cd800 JavaThread "Signal Dispatcher" daemon [_thread_blocked, id=8260, stack(0x0000007400300000,0x0000007400400000)]
  0x0000024cff7d0800 JavaThread "Attach Listener" daemon [_thread_blocked, id=10668, stack(0x0000007400400000,0x0000007400500000)]
  0x0000024cff7d2000 JavaThread "Service Thread" daemon [_thread_blocked, id=5060, stack(0x0000007400500000,0x0000007400600000)]
  0x0000024cff7dd000 JavaThread "C2 CompilerThread0" daemon [_thread_in_native, id=12196, stack(0x0000007400600000,0x0000007400700000)]
  0x0000024cff7e7800 JavaThread "C1 CompilerThread0" daemon [_thread_blocked, id=4120, stack(0x0000007400700000,0x0000007400800000)]
  0x0000024cff7ea800 JavaThread "Sweeper thread" daemon [_thread_blocked, id=9744, stack(0x0000007400800000,0x0000007400900000)]
  0x0000024cff956000 JavaThread "Common-Cleaner" daemon [_thread_blocked, id=12640, stack(0x0000007400900000,0x0000007400a00000)]
  0x0000024c820b1000 JavaThread "Daemon health stats" [_thread_blocked, id=11716, stack(0x0000007401200000,0x0000007401300000)]
  0x0000024c81fbc000 JavaThread "Incoming local TCP Connector on port 54521" [_thread_in_native, id=4052, stack(0x0000007400b00000,0x0000007400c00000)]
  0x0000024cffa35800 JavaThread "Daemon periodic checks" [_thread_blocked, id=992, stack(0x0000007401100000,0x0000007401200000)]
  0x0000024c80f02000 JavaThread "Daemon" [_thread_blocked, id=7788, stack(0x0000007401300000,0x0000007401400000)]
  0x0000024c82566000 JavaThread "Handler for socket connection from /127.0.0.1:54521 to /127.0.0.1:54522" [_thread_in_native, id=8848, stack(0x0000007401400000,0x0000007401500000)]
  0x0000024c81dd6800 JavaThread "Cancel handler" [_thread_blocked, id=3092, stack(0x0000007401500000,0x0000007401600000)]
  0x0000024c8279d000 JavaThread "Daemon worker" [_thread_in_vm, id=8524, stack(0x0000007401600000,0x0000007401700000)]
  0x0000024c8234b800 JavaThread "Asynchronous log dispatcher for DefaultDaemonConnection: socket connection from /127.0.0.1:54521 to /127.0.0.1:54522" [_thread_blocked, id=6388, stack(0x0000007401700000,0x0000007401800000)]
  0x0000024c81fe3000 JavaThread "Stdin handler" [_thread_blocked, id=6884, stack(0x0000007401800000,0x0000007401900000)]
  0x0000024c814c1800 JavaThread "Daemon client event forwarder" [_thread_blocked, id=10628, stack(0x0000007401900000,0x0000007401a00000)]
  0x0000024c814c2800 JavaThread "Cache worker for file hash cache (C:\Users\sumon\.gradle\caches\7.0.2\fileHashes)" [_thread_blocked, id=12448, stack(0x0000007401a00000,0x0000007401b00000)]
  0x0000024c814c1000 JavaThread "File lock request listener" [_thread_in_native, id=1248, stack(0x0000007401b00000,0x0000007401c00000)]
  0x0000024c814c0000 JavaThread "Cache worker for journal cache (C:\Users\sumon\.gradle\caches\journal-1)" [_thread_blocked, id=7476, stack(0x0000007401f00000,0x0000007402000000)]
  0x0000024c813ba800 JavaThread "C2 CompilerThread1" daemon [_thread_in_native, id=13744, stack(0x0000007402000000,0x0000007402100000)]
  0x0000024c83450000 JavaThread "Cache worker for file hash cache (C:\Users\sumon\AndroidStudioProjects\PhotoSlideShow\.gradle\7.0.2\fileHashes)" [_thread_blocked, id=2848, stack(0x0000007402100000,0x0000007402200000)]
  0x0000024c8344f800 JavaThread "File watcher server" daemon [_thread_in_native, id=10044, stack(0x0000007402200000,0x0000007402300000)]
  0x0000024c83451000 JavaThread "File watcher consumer" daemon [_thread_blocked, id=3780, stack(0x0000007402300000,0x0000007402400000)]
  0x0000024c83452800 JavaThread "Cache worker for checksums cache (C:\Users\sumon\AndroidStudioProjects\PhotoSlideShow\.gradle\checksums)" [_thread_blocked, id=8184, stack(0x0000007402400000,0x0000007402500000)]
  0x0000024c83452000 JavaThread "Cache worker for cache directory md-supplier (C:\Users\sumon\.gradle\caches\7.0.2\md-supplier)" [_thread_blocked, id=3784, stack(0x0000007402500000,0x0000007402600000)]
  0x0000024c83453800 JavaThread "Cache worker for cache directory md-rule (C:\Users\sumon\.gradle\caches\7.0.2\md-rule)" [_thread_blocked, id=4500, stack(0x0000007402700000,0x0000007402800000)]
  0x0000024c83454800 JavaThread "Cache worker for execution history cache (C:\Users\sumon\.gradle\caches\7.0.2\executionHistory)" [_thread_blocked, id=6284, stack(0x0000007402800000,0x0000007402900000)]
  0x0000024c83455000 JavaThread "jar transforms" [_thread_blocked, id=13124, stack(0x0000007402900000,0x0000007402a00000)]
  0x0000024c836b3000 JavaThread "jar transforms Thread 2" [_thread_blocked, id=10200, stack(0x0000007402a00000,0x0000007402b00000)]
  0x0000024c836b4800 JavaThread "Cache worker for file content cache (C:\Users\sumon\.gradle\caches\7.0.2\fileContent)" [_thread_blocked, id=488, stack(0x0000007402b00000,0x0000007402c00000)]
  0x0000024c836b6000 JavaThread "Cache worker for dependencies-accessors (C:\Users\sumon\AndroidStudioProjects\PhotoSlideShow\.gradle\7.0.2\dependencies-accessors)" [_thread_blocked, id=3820, stack(0x0000007402c00000,0x0000007402d00000)]
  0x0000024c836b0800 JavaThread "jar transforms Thread 3" [_thread_blocked, id=2932, stack(0x0000007402d00000,0x0000007402e00000)]
  0x0000024c836b2000 JavaThread "Cache worker for Build Output Cleanup Cache (C:\Users\sumon\AndroidStudioProjects\PhotoSlideShow\.gradle\buildOutputCleanup)" [_thread_blocked, id=2160, stack(0x0000007402e00000,0x0000007402f00000)]
  0x0000024c836b3800 JavaThread "Build operations" [_thread_blocked, id=9440, stack(0x0000007402f00000,0x0000007403000000)]
  0x0000024c836b1000 JavaThread "Build operations Thread 2" [_thread_blocked, id=9608, stack(0x0000007403000000,0x0000007403100000)]
  0x0000024c836b9800 JavaThread "Build operations Thread 3" [_thread_blocked, id=7180, stack(0x0000007403100000,0x0000007403200000)]
  0x0000024c836b7800 JavaThread "Build operations Thread 4" [_thread_blocked, id=7204, stack(0x0000007403200000,0x0000007403300000)]
  0x0000024c836b7000 JavaThread "Build operations Thread 5" [_thread_blocked, id=9328, stack(0x0000007403300000,0x0000007403400000)]
  0x0000024c836bc000 JavaThread "Build operations Thread 6" [_thread_blocked, id=13764, stack(0x0000007403400000,0x0000007403500000)]
  0x0000024c836bb000 JavaThread "Build operations Thread 7" [_thread_blocked, id=3264, stack(0x0000007403500000,0x0000007403600000)]
  0x0000024c836be000 JavaThread "Build operations Thread 8" [_thread_blocked, id=7108, stack(0x0000007403600000,0x0000007403700000)]
  0x0000024c836bc800 JavaThread "jar transforms Thread 4" [_thread_blocked, id=8704, stack(0x0000007403700000,0x0000007403800000)]
  0x0000024c836bd800 JavaThread "jar transforms Thread 5" [_thread_blocked, id=4380, stack(0x0000007403800000,0x0000007403900000)]
  0x0000024c836ba000 JavaThread "jar transforms Thread 6" [_thread_blocked, id=10924, stack(0x0000007403900000,0x0000007403a00000)]
  0x0000024c836b8800 JavaThread "jar transforms Thread 7" [_thread_blocked, id=6432, stack(0x0000007403a00000,0x0000007403b00000)]
  0x0000024c836bf000 JavaThread "jar transforms Thread 8" [_thread_blocked, id=10040, stack(0x0000007403b00000,0x0000007403c00000)]
  0x0000024c87e35800 JavaThread "Memory manager" [_thread_blocked, id=10944, stack(0x0000007403c00000,0x0000007403d00000)]
=>0x0000024c886a8800 JavaThread "C2 CompilerThread2" daemon [_thread_in_native, id=10344, stack(0x0000007402600000,0x0000007402700000)]

Other Threads:
  0x0000024cfef30000 VMThread "VM Thread" [stack: 0x0000007400000000,0x0000007400100000] [id=13700]
  0x0000024cff987000 WatcherThread [stack: 0x0000007400a00000,0x0000007400b00000] [id=4284]
  0x0000024ce4ab3800 GCTaskThread "GC Thread#0" [stack: 0x000000747fb00000,0x000000747fc00000] [id=13868]
  0x0000024c80564800 GCTaskThread "GC Thread#1" [stack: 0x0000007400c00000,0x0000007400d00000] [id=11804]
  0x0000024c8085e000 GCTaskThread "GC Thread#2" [stack: 0x0000007400d00000,0x0000007400e00000] [id=1332]
  0x0000024c809bd800 GCTaskThread "GC Thread#3" [stack: 0x0000007400e00000,0x0000007400f00000] [id=3372]
  0x0000024c806d5000 GCTaskThread "GC Thread#4" [stack: 0x0000007400f00000,0x0000007401000000] [id=7896]
  0x0000024c809f3000 GCTaskThread "GC Thread#5" [stack: 0x0000007401000000,0x0000007401100000] [id=7244]
  0x0000024c819d1000 GCTaskThread "GC Thread#6" [stack: 0x0000007401c00000,0x0000007401d00000] [id=11780]
  0x0000024c80d81000 GCTaskThread "GC Thread#7" [stack: 0x0000007401d00000,0x0000007401e00000] [id=8180]
  0x0000024ce4ae7800 ConcurrentGCThread "G1 Main Marker" [stack: 0x000000747fc00000,0x000000747fd00000] [id=6180]
  0x0000024ce4ae8800 ConcurrentGCThread "G1 Conc#0" [stack: 0x000000747fd00000,0x000000747fe00000] [id=6412]
  0x0000024c81937000 ConcurrentGCThread "G1 Conc#1" [stack: 0x0000007401e00000,0x0000007401f00000] [id=10820]
  0x0000024ce4b7e000 ConcurrentGCThread "G1 Refine#0" [stack: 0x000000747fe00000,0x000000747ff00000] [id=10744]
  0x0000024cfedbc800 ConcurrentGCThread "G1 Young RemSet Sampling" [stack: 0x000000747ff00000,0x0000007480000000] [id=2388]

Threads with active compile tasks:
C2 CompilerThread0  10595 6367   !   4       java.util.concurrent.ConcurrentHashMap::computeIfAbsent (576 bytes)
C2 CompilerThread1  10595 6342 %     4       org.gradle.internal.instantiation.generator.AbstractClassGenerator::inspectType @ 250 (560 bytes)
C2 CompilerThread2  10595 6313       4       java.beans.Introspector::addMethod (196 bytes)

VM state:not at safepoint (normal execution)

VM Mutex/Monitor currently owned by a thread: None

Heap address: 0x0000000080000000, size: 2048 MB, Compressed Oops mode: 32-bit
Narrow klass base: 0x0000000000000000, Narrow klass shift: 3
Compressed class space size: 1073741824 Address: 0x0000000100000000

Heap:
 garbage-first heap   total 260096K, used 138541K [0x0000000080000000, 0x0000000100000000)
  region size 1024K, 96 young (98304K), 3 survivors (3072K)
 Metaspace       used 66078K, capacity 67678K, committed 67788K, reserved 1107968K
  class space    used 8366K, capacity 8952K, committed 8960K, reserved 1048576K
Heap Regions: E=young(eden), S=young(survivor), O=old, HS=humongous(starts), HC=humongous(continues), CS=collection set, F=free, A=archive, TAMS=top-at-mark-start (previous, next)
|   0|0x0000000080000000, 0x0000000080100000, 0x0000000080100000|100%| O|  |TAMS 0x0000000080100000, 0x0000000080000000| Untracked 
|   1|0x0000000080100000, 0x0000000080200000, 0x0000000080200000|100%| O|  |TAMS 0x0000000080200000, 0x0000000080100000| Untracked 
|   2|0x0000000080200000, 0x0000000080300000, 0x0000000080300000|100%| O|  |TAMS 0x0000000080300000, 0x0000000080200000| Untracked 
|   3|0x0000000080300000, 0x0000000080400000, 0x0000000080400000|100%|HS|  |TAMS 0x0000000080400000, 0x0000000080300000| Complete 
|   4|0x0000000080400000, 0x0000000080500000, 0x0000000080500000|100%|HC|  |TAMS 0x0000000080500000, 0x0000000080400000| Complete 
|   5|0x0000000080500000, 0x0000000080600000, 0x0000000080600000|100%|HC|  |TAMS 0x0000000080600000, 0x0000000080500000| Complete 
|   6|0x0000000080600000, 0x0000000080700000, 0x0000000080700000|100%| O|  |TAMS 0x0000000080700000, 0x0000000080600000| Untracked 
|   7|0x0000000080700000, 0x0000000080800000, 0x0000000080800000|100%| O|  |TAMS 0x0000000080800000, 0x0000000080700000| Untracked 
|   8|0x0000000080800000, 0x0000000080900000, 0x0000000080900000|100%| O|  |TAMS 0x0000000080900000, 0x0000000080800000| Untracked 
|   9|0x0000000080900000, 0x0000000080a00000, 0x0000000080a00000|100%| O|  |TAMS 0x0000000080a00000, 0x0000000080900000| Untracked 
|  10|0x0000000080a00000, 0x0000000080b00000, 0x0000000080b00000|100%| O|  |TAMS 0x0000000080b00000, 0x0000000080a00000| Untracked 
|  11|0x0000000080b00000, 0x0000000080c00000, 0x0000000080c00000|100%| O|  |TAMS 0x0000000080c00000, 0x0000000080b00000| Untracked 
|  12|0x0000000080c00000, 0x0000000080d00000, 0x0000000080d00000|100%| O|  |TAMS 0x0000000080d00000, 0x0000000080c00000| Untracked 
|  13|0x0000000080d00000, 0x0000000080e00000, 0x0000000080e00000|100%| O|  |TAMS 0x0000000080e00000, 0x0000000080d00000| Untracked 
|  14|0x0000000080e00000, 0x0000000080f00000, 0x0000000080f00000|100%| O|  |TAMS 0x0000000080f00000, 0x0000000080e00000| Untracked 
|  15|0x0000000080f00000, 0x0000000081000000, 0x0000000081000000|100%| O|  |TAMS 0x0000000081000000, 0x0000000080f00000| Untracked 
|  16|0x0000000081000000, 0x0000000081100000, 0x0000000081100000|100%|HS|  |TAMS 0x0000000081100000, 0x0000000081000000| Complete 
|  17|0x0000000081100000, 0x0000000081200000, 0x0000000081200000|100%|HS|  |TAMS 0x0000000081200000, 0x0000000081100000| Complete 
|  18|0x0000000081200000, 0x0000000081300000, 0x0000000081300000|100%|HS|  |TAMS 0x0000000081300000, 0x0000000081200000| Complete 
|  19|0x0000000081300000, 0x0000000081400000, 0x0000000081400000|100%|HC|  |TAMS 0x0000000081400000, 0x0000000081300000| Complete 
|  20|0x0000000081400000, 0x0000000081500000, 0x0000000081500000|100%| O|  |TAMS 0x0000000081500000, 0x0000000081400000| Untracked 
|  21|0x0000000081500000, 0x0000000081600000, 0x0000000081600000|100%| O|  |TAMS 0x0000000081600000, 0x0000000081500000| Untracked 
|  22|0x0000000081600000, 0x0000000081700000, 0x0000000081700000|100%| O|  |TAMS 0x0000000081700000, 0x0000000081600000| Untracked 
|  23|0x0000000081700000, 0x0000000081800000, 0x0000000081800000|100%| O|  |TAMS 0x0000000081800000, 0x0000000081700000| Untracked 
|  24|0x0000000081800000, 0x0000000081900000, 0x0000000081900000|100%| O|  |TAMS 0x0000000081900000, 0x0000000081800000| Untracked 
|  25|0x0000000081900000, 0x0000000081a00000, 0x0000000081a00000|100%| O|  |TAMS 0x0000000081a00000, 0x0000000081900000| Untracked 
|  26|0x0000000081a00000, 0x0000000081b00000, 0x0000000081b00000|100%| O|  |TAMS 0x0000000081b00000, 0x0000000081a00000| Untracked 
|  27|0x0000000081b00000, 0x0000000081c00000, 0x0000000081c00000|100%| O|  |TAMS 0x0000000081c00000, 0x0000000081b00000| Untracked 
|  28|0x0000000081c00000, 0x0000000081d00000, 0x0000000081d00000|100%| O|  |TAMS 0x0000000081d00000, 0x0000000081c00000| Untracked 
|  29|0x0000000081d00000, 0x0000000081e00000, 0x0000000081e00000|100%| O|  |TAMS 0x0000000081e00000, 0x0000000081d00000| Untracked 
|  30|0x0000000081e00000, 0x0000000081f00000, 0x0000000081f00000|100%| O|  |TAMS 0x0000000081f00000, 0x0000000081e00000| Untracked 
|  31|0x0000000081f00000, 0x0000000082000000, 0x0000000082000000|100%| O|  |TAMS 0x0000000082000000, 0x0000000081f00000| Untracked 
|  32|0x0000000082000000, 0x0000000082100000, 0x0000000082100000|100%| O|  |TAMS 0x0000000082100000, 0x0000000082000000| Untracked 
|  33|0x0000000082100000, 0x0000000082200000, 0x0000000082200000|100%| O|  |TAMS 0x0000000082200000, 0x0000000082100000| Untracked 
|  34|0x0000000082200000, 0x0000000082300000, 0x0000000082300000|100%| O|  |TAMS 0x0000000082300000, 0x0000000082200000| Untracked 
|  35|0x0000000082300000, 0x0000000082400000, 0x0000000082400000|100%| O|  |TAMS 0x0000000082400000, 0x0000000082300000| Untracked 
|  36|0x0000000082400000, 0x0000000082500000, 0x0000000082500000|100%| O|  |TAMS 0x0000000082500000, 0x0000000082400000| Untracked 
|  37|0x0000000082500000, 0x0000000082600000, 0x0000000082600000|100%| O|  |TAMS 0x0000000082600000, 0x0000000082500000| Untracked 
|  38|0x0000000082600000, 0x0000000082700000, 0x0000000082700000|100%| O|  |TAMS 0x0000000082700000, 0x0000000082600000| Untracked 
|  39|0x0000000082700000, 0x0000000082800000, 0x0000000082800000|100%| O|  |TAMS 0x0000000082800000, 0x0000000082700000| Untracked 
|  40|0x0000000082800000, 0x000000008284b600, 0x0000000082900000| 29%| O|  |TAMS 0x000000008284b600, 0x0000000082800000| Untracked 
|  41|0x0000000082900000, 0x0000000082a00000, 0x0000000082a00000|100%|HS|  |TAMS 0x0000000082900000, 0x0000000082900000| Complete 
|  42|0x0000000082a00000, 0x0000000082a00000, 0x0000000082b00000|  0%| F|  |TAMS 0x0000000082a00000, 0x0000000082a00000| Untracked 
|  43|0x0000000082b00000, 0x0000000082b00000, 0x0000000082c00000|  0%| F|  |TAMS 0x0000000082b00000, 0x0000000082b00000| Untracked 
|  44|0x0000000082c00000, 0x0000000082c00000, 0x0000000082d00000|  0%| F|  |TAMS 0x0000000082c00000, 0x0000000082c00000| Untracked 
|  45|0x0000000082d00000, 0x0000000082d00000, 0x0000000082e00000|  0%| F|  |TAMS 0x0000000082d00000, 0x0000000082d00000| Untracked 
|  46|0x0000000082e00000, 0x0000000082e00000, 0x0000000082f00000|  0%| F|  |TAMS 0x0000000082e00000, 0x0000000082e00000| Untracked 
|  47|0x0000000082f00000, 0x0000000082f00000, 0x0000000083000000|  0%| F|  |TAMS 0x0000000082f00000, 0x0000000082f00000| Untracked 
|  48|0x0000000083000000, 0x0000000083000000, 0x0000000083100000|  0%| F|  |TAMS 0x0000000083000000, 0x0000000083000000| Untracked 
|  49|0x0000000083100000, 0x0000000083100000, 0x0000000083200000|  0%| F|  |TAMS 0x0000000083100000, 0x0000000083100000| Untracked 
|  50|0x0000000083200000, 0x0000000083200000, 0x0000000083300000|  0%| F|  |TAMS 0x0000000083200000, 0x0000000083200000| Untracked 
|  51|0x0000000083300000, 0x0000000083300000, 0x0000000083400000|  0%| F|  |TAMS 0x0000000083300000, 0x0000000083300000| Untracked 
|  52|0x0000000083400000, 0x0000000083400000, 0x0000000083500000|  0%| F|  |TAMS 0x0000000083400000, 0x0000000083400000| Untracked 
|  53|0x0000000083500000, 0x0000000083500000, 0x0000000083600000|  0%| F|  |TAMS 0x0000000083500000, 0x0000000083500000| Untracked 
|  54|0x0000000083600000, 0x0000000083600000, 0x0000000083700000|  0%| F|  |TAMS 0x0000000083600000, 0x0000000083600000| Untracked 
|  55|0x0000000083700000, 0x0000000083700000, 0x0000000083800000|  0%| F|  |TAMS 0x0000000083700000, 0x0000000083700000| Untracked 
|  56|0x0000000083800000, 0x0000000083800000, 0x0000000083900000|  0%| F|  |TAMS 0x0000000083800000, 0x0000000083800000| Untracked 
|  57|0x0000000083900000, 0x0000000083900000, 0x0000000083a00000|  0%| F|  |TAMS 0x0000000083900000, 0x0000000083900000| Untracked 
|  58|0x0000000083a00000, 0x0000000083a00000, 0x0000000083b00000|  0%| F|  |TAMS 0x0000000083a00000, 0x0000000083a00000| Untracked 
|  59|0x0000000083b00000, 0x0000000083b00000, 0x0000000083c00000|  0%| F|  |TAMS 0x0000000083b00000, 0x0000000083b00000| Untracked 
|  60|0x0000000083c00000, 0x0000000083c00000, 0x0000000083d00000|  0%| F|  |TAMS 0x0000000083c00000, 0x0000000083c00000| Untracked 
|  61|0x0000000083d00000, 0x0000000083d00000, 0x0000000083e00000|  0%| F|  |TAMS 0x0000000083d00000, 0x0000000083d00000| Untracked 
|  62|0x0000000083e00000, 0x0000000083e00000, 0x0000000083f00000|  0%| F|  |TAMS 0x0000000083e00000, 0x0000000083e00000| Untracked 
|  63|0x0000000083f00000, 0x0000000083f00000, 0x0000000084000000|  0%| F|  |TAMS 0x0000000083f00000, 0x0000000083f00000| Untracked 
|  64|0x0000000084000000, 0x0000000084000000, 0x0000000084100000|  0%| F|  |TAMS 0x0000000084000000, 0x0000000084000000| Untracked 
|  65|0x0000000084100000, 0x0000000084100000, 0x0000000084200000|  0%| F|  |TAMS 0x0000000084100000, 0x0000000084100000| Untracked 
|  66|0x0000000084200000, 0x0000000084200000, 0x0000000084300000|  0%| F|  |TAMS 0x0000000084200000, 0x0000000084200000| Untracked 
|  67|0x0000000084300000, 0x0000000084300000, 0x0000000084400000|  0%| F|  |TAMS 0x0000000084300000, 0x0000000084300000| Untracked 
|  68|0x0000000084400000, 0x0000000084400000, 0x0000000084500000|  0%| F|  |TAMS 0x0000000084400000, 0x0000000084400000| Untracked 
|  69|0x0000000084500000, 0x0000000084500000, 0x0000000084600000|  0%| F|  |TAMS 0x0000000084500000, 0x0000000084500000| Untracked 
|  70|0x0000000084600000, 0x0000000084600000, 0x0000000084700000|  0%| F|  |TAMS 0x0000000084600000, 0x0000000084600000| Untracked 
|  71|0x0000000084700000, 0x0000000084700000, 0x0000000084800000|  0%| F|  |TAMS 0x0000000084700000, 0x0000000084700000| Untracked 
|  72|0x0000000084800000, 0x0000000084800000, 0x0000000084900000|  0%| F|  |TAMS 0x0000000084800000, 0x0000000084800000| Untracked 
|  73|0x0000000084900000, 0x0000000084900000, 0x0000000084a00000|  0%| F|  |TAMS 0x0000000084900000, 0x0000000084900000| Untracked 
|  74|0x0000000084a00000, 0x0000000084a00000, 0x0000000084b00000|  0%| F|  |TAMS 0x0000000084a00000, 0x0000000084a00000| Untracked 
|  75|0x0000000084b00000, 0x0000000084b00000, 0x0000000084c00000|  0%| F|  |TAMS 0x0000000084b00000, 0x0000000084b00000| Untracked 
|  76|0x0000000084c00000, 0x0000000084c00000, 0x0000000084d00000|  0%| F|  |TAMS 0x0000000084c00000, 0x0000000084c00000| Untracked 
|  77|0x0000000084d00000, 0x0000000084d00000, 0x0000000084e00000|  0%| F|  |TAMS 0x0000000084d00000, 0x0000000084d00000| Untracked 
|  78|0x0000000084e00000, 0x0000000084e00000, 0x0000000084f00000|  0%| F|  |TAMS 0x0000000084e00000, 0x0000000084e00000| Untracked 
|  79|0x0000000084f00000, 0x0000000084f00000, 0x0000000085000000|  0%| F|  |TAMS 0x0000000084f00000, 0x0000000084f00000| Untracked 
|  80|0x0000000085000000, 0x0000000085000000, 0x0000000085100000|  0%| F|  |TAMS 0x0000000085000000, 0x0000000085000000| Untracked 
|  81|0x0000000085100000, 0x0000000085100000, 0x0000000085200000|  0%| F|  |TAMS 0x0000000085100000, 0x0000000085100000| Untracked 
|  82|0x0000000085200000, 0x0000000085200000, 0x0000000085300000|  0%| F|  |TAMS 0x0000000085200000, 0x0000000085200000| Untracked 
|  83|0x0000000085300000, 0x0000000085300000, 0x0000000085400000|  0%| F|  |TAMS 0x0000000085300000, 0x0000000085300000| Untracked 
|  84|0x0000000085400000, 0x0000000085400000, 0x0000000085500000|  0%| F|  |TAMS 0x0000000085400000, 0x0000000085400000| Untracked 
|  85|0x0000000085500000, 0x0000000085500000, 0x0000000085600000|  0%| F|  |TAMS 0x0000000085500000, 0x0000000085500000| Untracked 
|  86|0x0000000085600000, 0x0000000085600000, 0x0000000085700000|  0%| F|  |TAMS 0x0000000085600000, 0x0000000085600000| Untracked 
|  87|0x0000000085700000, 0x0000000085700000, 0x0000000085800000|  0%| F|  |TAMS 0x0000000085700000, 0x0000000085700000| Untracked 
|  88|0x0000000085800000, 0x0000000085800000, 0x0000000085900000|  0%| F|  |TAMS 0x0000000085800000, 0x0000000085800000| Untracked 
|  89|0x0000000085900000, 0x0000000085900000, 0x0000000085a00000|  0%| F|  |TAMS 0x0000000085900000, 0x0000000085900000| Untracked 
|  90|0x0000000085a00000, 0x0000000085a00000, 0x0000000085b00000|  0%| F|  |TAMS 0x0000000085a00000, 0x0000000085a00000| Untracked 
|  91|0x0000000085b00000, 0x0000000085b00000, 0x0000000085c00000|  0%| F|  |TAMS 0x0000000085b00000, 0x0000000085b00000| Untracked 
|  92|0x0000000085c00000, 0x0000000085c00000, 0x0000000085d00000|  0%| F|  |TAMS 0x0000000085c00000, 0x0000000085c00000| Untracked 
|  93|0x0000000085d00000, 0x0000000085d00000, 0x0000000085e00000|  0%| F|  |TAMS 0x0000000085d00000, 0x0000000085d00000| Untracked 
|  94|0x0000000085e00000, 0x0000000085e00000, 0x0000000085f00000|  0%| F|  |TAMS 0x0000000085e00000, 0x0000000085e00000| Untracked 
|  95|0x0000000085f00000, 0x0000000085f00000, 0x0000000086000000|  0%| F|  |TAMS 0x0000000085f00000, 0x0000000085f00000| Untracked 
|  96|0x0000000086000000, 0x0000000086000000, 0x0000000086100000|  0%| F|  |TAMS 0x0000000086000000, 0x0000000086000000| Untracked 
|  97|0x0000000086100000, 0x0000000086100000, 0x0000000086200000|  0%| F|  |TAMS 0x0000000086100000, 0x0000000086100000| Untracked 
|  98|0x0000000086200000, 0x0000000086200000, 0x0000000086300000|  0%| F|  |TAMS 0x0000000086200000, 0x0000000086200000| Untracked 
|  99|0x0000000086300000, 0x0000000086300000, 0x0000000086400000|  0%| F|  |TAMS 0x0000000086300000, 0x0000000086300000| Untracked 
| 100|0x0000000086400000, 0x0000000086400000, 0x0000000086500000|  0%| F|  |TAMS 0x0000000086400000, 0x0000000086400000| Untracked 
| 101|0x0000000086500000, 0x0000000086500000, 0x0000000086600000|  0%| F|  |TAMS 0x0000000086500000, 0x0000000086500000| Untracked 
| 102|0x0000000086600000, 0x0000000086600000, 0x0000000086700000|  0%| F|  |TAMS 0x0000000086600000, 0x0000000086600000| Untracked 
| 103|0x0000000086700000, 0x0000000086700000, 0x0000000086800000|  0%| F|  |TAMS 0x0000000086700000, 0x0000000086700000| Untracked 
| 104|0x0000000086800000, 0x0000000086800000, 0x0000000086900000|  0%| F|  |TAMS 0x0000000086800000, 0x0000000086800000| Untracked 
| 105|0x0000000086900000, 0x0000000086900000, 0x0000000086a00000|  0%| F|  |TAMS 0x0000000086900000, 0x0000000086900000| Untracked 
| 106|0x0000000086a00000, 0x0000000086a00000, 0x0000000086b00000|  0%| F|  |TAMS 0x0000000086a00000, 0x0000000086a00000| Untracked 
| 107|0x0000000086b00000, 0x0000000086b00000, 0x0000000086c00000|  0%| F|  |TAMS 0x0000000086b00000, 0x0000000086b00000| Untracked 
| 108|0x0000000086c00000, 0x0000000086c00000, 0x0000000086d00000|  0%| F|  |TAMS 0x0000000086c00000, 0x0000000086c00000| Untracked 
| 109|0x0000000086d00000, 0x0000000086d00000, 0x0000000086e00000|  0%| F|  |TAMS 0x0000000086d00000, 0x0000000086d00000| Untracked 
| 110|0x0000000086e00000, 0x0000000086e00000, 0x0000000086f00000|  0%| F|  |TAMS 0x0000000086e00000, 0x0000000086e00000| Untracked 
| 111|0x0000000086f00000, 0x0000000086f00000, 0x0000000087000000|  0%| F|  |TAMS 0x0000000086f00000, 0x0000000086f00000| Untracked 
| 112|0x0000000087000000, 0x0000000087000000, 0x0000000087100000|  0%| F|  |TAMS 0x0000000087000000, 0x0000000087000000| Untracked 
| 113|0x0000000087100000, 0x0000000087100000, 0x0000000087200000|  0%| F|  |TAMS 0x0000000087100000, 0x0000000087100000| Untracked 
| 114|0x0000000087200000, 0x0000000087200000, 0x0000000087300000|  0%| F|  |TAMS 0x0000000087200000, 0x0000000087200000| Untracked 
| 115|0x0000000087300000, 0x0000000087300000, 0x0000000087400000|  0%| F|  |TAMS 0x0000000087300000, 0x0000000087300000| Untracked 
| 116|0x0000000087400000, 0x0000000087400000, 0x0000000087500000|  0%| F|  |TAMS 0x0000000087400000, 0x0000000087400000| Untracked 
| 117|0x0000000087500000, 0x0000000087500000, 0x0000000087600000|  0%| F|  |TAMS 0x0000000087500000, 0x0000000087500000| Untracked 
| 118|0x0000000087600000, 0x0000000087600000, 0x0000000087700000|  0%| F|  |TAMS 0x0000000087600000, 0x0000000087600000| Untracked 
| 119|0x0000000087700000, 0x0000000087700000, 0x0000000087800000|  0%| F|  |TAMS 0x0000000087700000, 0x0000000087700000| Untracked 
| 120|0x0000000087800000, 0x0000000087800000, 0x0000000087900000|  0%| F|  |TAMS 0x0000000087800000, 0x0000000087800000| Untracked 
| 121|0x0000000087900000, 0x0000000087900000, 0x0000000087a00000|  0%| F|  |TAMS 0x0000000087900000, 0x0000000087900000| Untracked 
| 122|0x0000000087a00000, 0x0000000087a00000, 0x0000000087b00000|  0%| F|  |TAMS 0x0000000087a00000, 0x0000000087a00000| Untracked 
| 123|0x0000000087b00000, 0x0000000087b00000, 0x0000000087c00000|  0%| F|  |TAMS 0x0000000087b00000, 0x0000000087b00000| Untracked 
| 124|0x0000000087c00000, 0x0000000087c00000, 0x0000000087d00000|  0%| F|  |TAMS 0x0000000087c00000, 0x0000000087c00000| Untracked 
| 125|0x0000000087d00000, 0x0000000087d00000, 0x0000000087e00000|  0%| F|  |TAMS 0x0000000087d00000, 0x0000000087d00000| Untracked 
| 126|0x0000000087e00000, 0x0000000087e00000, 0x0000000087f00000|  0%| F|  |TAMS 0x0000000087e00000, 0x0000000087e00000| Untracked 
| 127|0x0000000087f00000, 0x0000000087f00000, 0x0000000088000000|  0%| F|  |TAMS 0x0000000087f00000, 0x0000000087f00000| Untracked 
| 128|0x0000000088000000, 0x0000000088000000, 0x0000000088100000|  0%| F|  |TAMS 0x0000000088000000, 0x0000000088000000| Untracked 
| 129|0x0000000088100000, 0x0000000088100000, 0x0000000088200000|  0%| F|  |TAMS 0x0000000088100000, 0x0000000088100000| Untracked 
| 130|0x0000000088200000, 0x0000000088200000, 0x0000000088300000|  0%| F|  |TAMS 0x0000000088200000, 0x0000000088200000| Untracked 
| 131|0x0000000088300000, 0x0000000088300000, 0x0000000088400000|  0%| F|  |TAMS 0x0000000088300000, 0x0000000088300000| Untracked 
| 132|0x0000000088400000, 0x0000000088400000, 0x0000000088500000|  0%| F|  |TAMS 0x0000000088400000, 0x0000000088400000| Untracked 
| 133|0x0000000088500000, 0x0000000088500000, 0x0000000088600000|  0%| F|  |TAMS 0x0000000088500000, 0x0000000088500000| Untracked 
| 134|0x0000000088600000, 0x0000000088600000, 0x0000000088700000|  0%| F|  |TAMS 0x0000000088600000, 0x0000000088600000| Untracked 
| 135|0x0000000088700000, 0x0000000088700000, 0x0000000088800000|  0%| F|  |TAMS 0x0000000088700000, 0x0000000088700000| Untracked 
| 136|0x0000000088800000, 0x0000000088800000, 0x0000000088900000|  0%| F|  |TAMS 0x0000000088800000, 0x0000000088800000| Untracked 
| 137|0x0000000088900000, 0x0000000088900000, 0x0000000088a00000|  0%| F|  |TAMS 0x0000000088900000, 0x0000000088900000| Untracked 
| 138|0x0000000088a00000, 0x0000000088a00000, 0x0000000088b00000|  0%| F|  |TAMS 0x0000000088a00000, 0x0000000088a00000| Untracked 
| 139|0x0000000088b00000, 0x0000000088b00000, 0x0000000088c00000|  0%| F|  |TAMS 0x0000000088b00000, 0x0000000088b00000| Untracked 
| 140|0x0000000088c00000, 0x0000000088c00000, 0x0000000088d00000|  0%| F|  |TAMS 0x0000000088c00000, 0x0000000088c00000| Untracked 
| 141|0x0000000088d00000, 0x0000000088d00000, 0x0000000088e00000|  0%| F|  |TAMS 0x0000000088d00000, 0x0000000088d00000| Untracked 
| 142|0x0000000088e00000, 0x0000000088e00000, 0x0000000088f00000|  0%| F|  |TAMS 0x0000000088e00000, 0x0000000088e00000| Untracked 
| 143|0x0000000088f00000, 0x0000000088f00000, 0x0000000089000000|  0%| F|  |TAMS 0x0000000088f00000, 0x0000000088f00000| Untracked 
| 144|0x0000000089000000, 0x0000000089000000, 0x0000000089100000|  0%| F|  |TAMS 0x0000000089000000, 0x0000000089000000| Untracked 
| 145|0x0000000089100000, 0x0000000089100000, 0x0000000089200000|  0%| F|  |TAMS 0x0000000089100000, 0x0000000089100000| Untracked 
| 146|0x0000000089200000, 0x0000000089200000, 0x0000000089300000|  0%| F|  |TAMS 0x0000000089200000, 0x0000000089200000| Untracked 
| 147|0x0000000089300000, 0x0000000089300000, 0x0000000089400000|  0%| F|  |TAMS 0x0000000089300000, 0x0000000089300000| Untracked 
| 148|0x0000000089400000, 0x0000000089400000, 0x0000000089500000|  0%| F|  |TAMS 0x0000000089400000, 0x0000000089400000| Untracked 
| 149|0x0000000089500000, 0x0000000089500000, 0x0000000089600000|  0%| F|  |TAMS 0x0000000089500000, 0x0000000089500000| Untracked 
| 150|0x0000000089600000, 0x0000000089600000, 0x0000000089700000|  0%| F|  |TAMS 0x0000000089600000, 0x0000000089600000| Untracked 
| 151|0x0000000089700000, 0x0000000089700000, 0x0000000089800000|  0%| F|  |TAMS 0x0000000089700000, 0x0000000089700000| Untracked 
| 152|0x0000000089800000, 0x0000000089800000, 0x0000000089900000|  0%| F|  |TAMS 0x0000000089800000, 0x0000000089800000| Untracked 
| 153|0x0000000089900000, 0x0000000089900000, 0x0000000089a00000|  0%| F|  |TAMS 0x0000000089900000, 0x0000000089900000| Untracked 
| 154|0x0000000089a00000, 0x0000000089a00000, 0x0000000089b00000|  0%| F|  |TAMS 0x0000000089a00000, 0x0000000089a00000| Untracked 
| 155|0x0000000089b00000, 0x0000000089b00000, 0x0000000089c00000|  0%| F|  |TAMS 0x0000000089b00000, 0x0000000089b00000| Untracked 
| 156|0x0000000089c00000, 0x0000000089c00000, 0x0000000089d00000|  0%| F|  |TAMS 0x0000000089c00000, 0x0000000089c00000| Untracked 
| 157|0x0000000089d00000, 0x0000000089d80800, 0x0000000089e00000| 50%| E|  |TAMS 0x0000000089d00000, 0x0000000089d00000| Complete 
| 158|0x0000000089e00000, 0x0000000089f00000, 0x0000000089f00000|100%| E|CS|TAMS 0x0000000089e00000, 0x0000000089e00000| Complete 
| 159|0x0000000089f00000, 0x000000008a000000, 0x000000008a000000|100%| E|CS|TAMS 0x0000000089f00000, 0x0000000089f00000| Complete 
| 160|0x000000008a000000, 0x000000008a100000, 0x000000008a100000|100%| E|CS|TAMS 0x000000008a000000, 0x000000008a000000| Complete 
| 161|0x000000008a100000, 0x000000008a200000, 0x000000008a200000|100%| E|CS|TAMS 0x000000008a100000, 0x000000008a100000| Complete 
| 162|0x000000008a200000, 0x000000008a300000, 0x000000008a300000|100%| E|CS|TAMS 0x000000008a200000, 0x000000008a200000| Complete 
| 163|0x000000008a300000, 0x000000008a400000, 0x000000008a400000|100%| E|CS|TAMS 0x000000008a300000, 0x000000008a300000| Complete 
| 164|0x000000008a400000, 0x000000008a500000, 0x000000008a500000|100%| E|CS|TAMS 0x000000008a400000, 0x000000008a400000| Complete 
| 165|0x000000008a500000, 0x000000008a600000, 0x000000008a600000|100%| E|CS|TAMS 0x000000008a500000, 0x000000008a500000| Complete 
| 166|0x000000008a600000, 0x000000008a700000, 0x000000008a700000|100%| E|CS|TAMS 0x000000008a600000, 0x000000008a600000| Complete 
| 167|0x000000008a700000, 0x000000008a800000, 0x000000008a800000|100%| E|CS|TAMS 0x000000008a700000, 0x000000008a700000| Complete 
| 168|0x000000008a800000, 0x000000008a900000, 0x000000008a900000|100%| E|CS|TAMS 0x000000008a800000, 0x000000008a800000| Complete 
| 169|0x000000008a900000, 0x000000008aa00000, 0x000000008aa00000|100%| E|CS|TAMS 0x000000008a900000, 0x000000008a900000| Complete 
| 170|0x000000008aa00000, 0x000000008ab00000, 0x000000008ab00000|100%| E|CS|TAMS 0x000000008aa00000, 0x000000008aa00000| Complete 
| 171|0x000000008ab00000, 0x000000008ac00000, 0x000000008ac00000|100%| E|CS|TAMS 0x000000008ab00000, 0x000000008ab00000| Complete 
| 172|0x000000008ac00000, 0x000000008ad00000, 0x000000008ad00000|100%| E|CS|TAMS 0x000000008ac00000, 0x000000008ac00000| Complete 
| 173|0x000000008ad00000, 0x000000008ae00000, 0x000000008ae00000|100%| E|CS|TAMS 0x000000008ad00000, 0x000000008ad00000| Complete 
| 174|0x000000008ae00000, 0x000000008af00000, 0x000000008af00000|100%| E|CS|TAMS 0x000000008ae00000, 0x000000008ae00000| Complete 
| 175|0x000000008af00000, 0x000000008b000000, 0x000000008b000000|100%| E|CS|TAMS 0x000000008af00000, 0x000000008af00000| Complete 
| 176|0x000000008b000000, 0x000000008b100000, 0x000000008b100000|100%| E|CS|TAMS 0x000000008b000000, 0x000000008b000000| Complete 
| 177|0x000000008b100000, 0x000000008b200000, 0x000000008b200000|100%| E|CS|TAMS 0x000000008b100000, 0x000000008b100000| Complete 
| 178|0x000000008b200000, 0x000000008b300000, 0x000000008b300000|100%| E|CS|TAMS 0x000000008b200000, 0x000000008b200000| Complete 
| 179|0x000000008b300000, 0x000000008b400000, 0x000000008b400000|100%| E|CS|TAMS 0x000000008b300000, 0x000000008b300000| Complete 
| 180|0x000000008b400000, 0x000000008b500000, 0x000000008b500000|100%| E|CS|TAMS 0x000000008b400000, 0x000000008b400000| Complete 
| 181|0x000000008b500000, 0x000000008b600000, 0x000000008b600000|100%| E|CS|TAMS 0x000000008b500000, 0x000000008b500000| Complete 
| 182|0x000000008b600000, 0x000000008b700000, 0x000000008b700000|100%| E|CS|TAMS 0x000000008b600000, 0x000000008b600000| Complete 
| 183|0x000000008b700000, 0x000000008b800000, 0x000000008b800000|100%| E|CS|TAMS 0x000000008b700000, 0x000000008b700000| Complete 
| 184|0x000000008b800000, 0x000000008b900000, 0x000000008b900000|100%| E|CS|TAMS 0x000000008b800000, 0x000000008b800000| Complete 
| 185|0x000000008b900000, 0x000000008ba00000, 0x000000008ba00000|100%| E|CS|TAMS 0x000000008b900000, 0x000000008b900000| Complete 
| 186|0x000000008ba00000, 0x000000008bb00000, 0x000000008bb00000|100%| E|CS|TAMS 0x000000008ba00000, 0x000000008ba00000| Complete 
| 187|0x000000008bb00000, 0x000000008bc00000, 0x000000008bc00000|100%| E|CS|TAMS 0x000000008bb00000, 0x000000008bb00000| Complete 
| 188|0x000000008bc00000, 0x000000008bd00000, 0x000000008bd00000|100%| E|CS|TAMS 0x000000008bc00000, 0x000000008bc00000| Complete 
| 189|0x000000008bd00000, 0x000000008be00000, 0x000000008be00000|100%| E|CS|TAMS 0x000000008bd00000, 0x000000008bd00000| Complete 
| 190|0x000000008be00000, 0x000000008bf00000, 0x000000008bf00000|100%| E|CS|TAMS 0x000000008be00000, 0x000000008be00000| Complete 
| 191|0x000000008bf00000, 0x000000008c000000, 0x000000008c000000|100%| E|CS|TAMS 0x000000008bf00000, 0x000000008bf00000| Complete 
| 192|0x000000008c000000, 0x000000008c100000, 0x000000008c100000|100%| E|CS|TAMS 0x000000008c000000, 0x000000008c000000| Complete 
| 193|0x000000008c100000, 0x000000008c200000, 0x000000008c200000|100%| E|CS|TAMS 0x000000008c100000, 0x000000008c100000| Complete 
| 194|0x000000008c200000, 0x000000008c300000, 0x000000008c300000|100%| E|CS|TAMS 0x000000008c200000, 0x000000008c200000| Complete 
| 195|0x000000008c300000, 0x000000008c400000, 0x000000008c400000|100%| E|CS|TAMS 0x000000008c300000, 0x000000008c300000| Complete 
| 196|0x000000008c400000, 0x000000008c500000, 0x000000008c500000|100%| E|CS|TAMS 0x000000008c400000, 0x000000008c400000| Complete 
| 197|0x000000008c500000, 0x000000008c600000, 0x000000008c600000|100%| E|CS|TAMS 0x000000008c500000, 0x000000008c500000| Complete 
| 198|0x000000008c600000, 0x000000008c700000, 0x000000008c700000|100%| E|CS|TAMS 0x000000008c600000, 0x000000008c600000| Complete 
| 199|0x000000008c700000, 0x000000008c800000, 0x000000008c800000|100%| E|CS|TAMS 0x000000008c700000, 0x000000008c700000| Complete 
| 200|0x000000008c800000, 0x000000008c900000, 0x000000008c900000|100%| S|CS|TAMS 0x000000008c800000, 0x000000008c800000| Complete 
| 201|0x000000008c900000, 0x000000008ca00000, 0x000000008ca00000|100%| S|CS|TAMS 0x000000008c900000, 0x000000008c900000| Complete 
| 202|0x000000008ca00000, 0x000000008cb00000, 0x000000008cb00000|100%| S|CS|TAMS 0x000000008ca00000, 0x000000008ca00000| Complete 
| 203|0x000000008cb00000, 0x000000008cc00000, 0x000000008cc00000|100%| E|CS|TAMS 0x000000008cb00000, 0x000000008cb00000| Complete 
| 204|0x000000008cc00000, 0x000000008cd00000, 0x000000008cd00000|100%| E|CS|TAMS 0x000000008cc00000, 0x000000008cc00000| Complete 
| 205|0x000000008cd00000, 0x000000008ce00000, 0x000000008ce00000|100%| E|CS|TAMS 0x000000008cd00000, 0x000000008cd00000| Complete 
| 206|0x000000008ce00000, 0x000000008cf00000, 0x000000008cf00000|100%| E|CS|TAMS 0x000000008ce00000, 0x000000008ce00000| Complete 
| 207|0x000000008cf00000, 0x000000008d000000, 0x000000008d000000|100%| E|CS|TAMS 0x000000008cf00000, 0x000000008cf00000| Complete 
| 208|0x000000008d000000, 0x000000008d100000, 0x000000008d100000|100%| E|CS|TAMS 0x000000008d000000, 0x000000008d000000| Complete 
| 209|0x000000008d100000, 0x000000008d200000, 0x000000008d200000|100%| E|CS|TAMS 0x000000008d100000, 0x000000008d100000| Complete 
| 210|0x000000008d200000, 0x000000008d300000, 0x000000008d300000|100%| E|CS|TAMS 0x000000008d200000, 0x000000008d200000| Complete 
| 211|0x000000008d300000, 0x000000008d400000, 0x000000008d400000|100%| E|CS|TAMS 0x000000008d300000, 0x000000008d300000| Complete 
| 212|0x000000008d400000, 0x000000008d500000, 0x000000008d500000|100%| E|CS|TAMS 0x000000008d400000, 0x000000008d400000| Complete 
| 213|0x000000008d500000, 0x000000008d600000, 0x000000008d600000|100%| E|CS|TAMS 0x000000008d500000, 0x000000008d500000| Complete 
| 214|0x000000008d600000, 0x000000008d700000, 0x000000008d700000|100%| E|CS|TAMS 0x000000008d600000, 0x000000008d600000| Complete 
| 215|0x000000008d700000, 0x000000008d800000, 0x000000008d800000|100%| E|CS|TAMS 0x000000008d700000, 0x000000008d700000| Complete 
| 216|0x000000008d800000, 0x000000008d900000, 0x000000008d900000|100%| E|CS|TAMS 0x000000008d800000, 0x000000008d800000| Complete 
| 217|0x000000008d900000, 0x000000008da00000, 0x000000008da00000|100%| E|CS|TAMS 0x000000008d900000, 0x000000008d900000| Complete 
| 218|0x000000008da00000, 0x000000008db00000, 0x000000008db00000|100%| E|CS|TAMS 0x000000008da00000, 0x000000008da00000| Complete 
| 219|0x000000008db00000, 0x000000008dc00000, 0x000000008dc00000|100%| E|CS|TAMS 0x000000008db00000, 0x000000008db00000| Complete 
| 220|0x000000008dc00000, 0x000000008dd00000, 0x000000008dd00000|100%| E|CS|TAMS 0x000000008dc00000, 0x000000008dc00000| Complete 
| 221|0x000000008dd00000, 0x000000008de00000, 0x000000008de00000|100%| E|CS|TAMS 0x000000008dd00000, 0x000000008dd00000| Complete 
| 222|0x000000008de00000, 0x000000008df00000, 0x000000008df00000|100%| E|CS|TAMS 0x000000008de00000, 0x000000008de00000| Complete 
| 223|0x000000008df00000, 0x000000008e000000, 0x000000008e000000|100%| E|CS|TAMS 0x000000008df00000, 0x000000008df00000| Complete 
| 224|0x000000008e000000, 0x000000008e100000, 0x000000008e100000|100%| E|CS|TAMS 0x000000008e000000, 0x000000008e000000| Complete 
| 225|0x000000008e100000, 0x000000008e200000, 0x000000008e200000|100%| E|CS|TAMS 0x000000008e100000, 0x000000008e100000| Complete 
| 226|0x000000008e200000, 0x000000008e300000, 0x000000008e300000|100%| E|CS|TAMS 0x000000008e200000, 0x000000008e200000| Complete 
| 227|0x000000008e300000, 0x000000008e400000, 0x000000008e400000|100%| E|CS|TAMS 0x000000008e300000, 0x000000008e300000| Complete 
| 228|0x000000008e400000, 0x000000008e500000, 0x000000008e500000|100%| E|CS|TAMS 0x000000008e400000, 0x000000008e400000| Complete 
| 229|0x000000008e500000, 0x000000008e600000, 0x000000008e600000|100%| E|CS|TAMS 0x000000008e500000, 0x000000008e500000| Complete 
| 230|0x000000008e600000, 0x000000008e700000, 0x000000008e700000|100%| E|CS|TAMS 0x000000008e600000, 0x000000008e600000| Complete 
| 231|0x000000008e700000, 0x000000008e800000, 0x000000008e800000|100%| E|CS|TAMS 0x000000008e700000, 0x000000008e700000| Complete 
| 232|0x000000008e800000, 0x000000008e900000, 0x000000008e900000|100%| E|CS|TAMS 0x000000008e800000, 0x000000008e800000| Complete 
| 233|0x000000008e900000, 0x000000008ea00000, 0x000000008ea00000|100%| E|CS|TAMS 0x000000008e900000, 0x000000008e900000| Complete 
| 234|0x000000008ea00000, 0x000000008eb00000, 0x000000008eb00000|100%| E|CS|TAMS 0x000000008ea00000, 0x000000008ea00000| Complete 
| 235|0x000000008eb00000, 0x000000008ec00000, 0x000000008ec00000|100%| E|CS|TAMS 0x000000008eb00000, 0x000000008eb00000| Complete 
| 236|0x000000008ec00000, 0x000000008ed00000, 0x000000008ed00000|100%| E|CS|TAMS 0x000000008ec00000, 0x000000008ec00000| Complete 
| 237|0x000000008ed00000, 0x000000008ee00000, 0x000000008ee00000|100%| E|  |TAMS 0x000000008ed00000, 0x000000008ed00000| Complete 
| 238|0x000000008ee00000, 0x000000008ef00000, 0x000000008ef00000|100%| E|CS|TAMS 0x000000008ee00000, 0x000000008ee00000| Complete 
| 239|0x000000008ef00000, 0x000000008f000000, 0x000000008f000000|100%| E|CS|TAMS 0x000000008ef00000, 0x000000008ef00000| Complete 
| 240|0x000000008f000000, 0x000000008f100000, 0x000000008f100000|100%| E|CS|TAMS 0x000000008f000000, 0x000000008f000000| Complete 
| 241|0x000000008f100000, 0x000000008f200000, 0x000000008f200000|100%| E|CS|TAMS 0x000000008f100000, 0x000000008f100000| Complete 
| 242|0x000000008f200000, 0x000000008f300000, 0x000000008f300000|100%| E|CS|TAMS 0x000000008f200000, 0x000000008f200000| Complete 
| 243|0x000000008f300000, 0x000000008f400000, 0x000000008f400000|100%| E|CS|TAMS 0x000000008f300000, 0x000000008f300000| Complete 
| 244|0x000000008f400000, 0x000000008f500000, 0x000000008f500000|100%| E|CS|TAMS 0x000000008f400000, 0x000000008f400000| Complete 
| 245|0x000000008f500000, 0x000000008f600000, 0x000000008f600000|100%| E|CS|TAMS 0x000000008f500000, 0x000000008f500000| Complete 
| 246|0x000000008f600000, 0x000000008f700000, 0x000000008f700000|100%| E|CS|TAMS 0x000000008f600000, 0x000000008f600000| Complete 
| 247|0x000000008f700000, 0x000000008f800000, 0x000000008f800000|100%| E|CS|TAMS 0x000000008f700000, 0x000000008f700000| Complete 
| 248|0x000000008f800000, 0x000000008f900000, 0x000000008f900000|100%| E|CS|TAMS 0x000000008f800000, 0x000000008f800000| Complete 
| 249|0x000000008f900000, 0x000000008fa00000, 0x000000008fa00000|100%| E|CS|TAMS 0x000000008f900000, 0x000000008f900000| Complete 
| 250|0x000000008fa00000, 0x000000008fb00000, 0x000000008fb00000|100%| E|CS|TAMS 0x000000008fa00000, 0x000000008fa00000| Complete 
| 251|0x000000008fb00000, 0x000000008fc00000, 0x000000008fc00000|100%| E|CS|TAMS 0x000000008fb00000, 0x000000008fb00000| Complete 
| 252|0x000000008fc00000, 0x000000008fd00000, 0x000000008fd00000|100%| E|CS|TAMS 0x000000008fc00000, 0x000000008fc00000| Complete 
| 253|0x000000008fd00000, 0x000000008fe00000, 0x000000008fe00000|100%| E|CS|TAMS 0x000000008fd00000, 0x000000008fd00000| Complete 

Card table byte_map: [0x0000024cf7cc0000,0x0000024cf80c0000] _byte_map_base: 0x0000024cf78c0000

Marking Bits (Prev, Next): (CMBitMap*) 0x0000024ce4ade8c0, (CMBitMap*) 0x0000024ce4ade888
 Prev Bits: [0x0000024cfa4c0000, 0x0000024cfc4c0000)
 Next Bits: [0x0000024cf84c0000, 0x0000024cfa4c0000)

Polling page: 0x0000024ce28b0000

Metaspace:

Usage:
  Non-class:     57.41 MB capacity,    56.43 MB ( 98%) used,   841.39 KB (  1%) free+waste,   165.69 KB ( <1%) overhead. 
      Class:      8.74 MB capacity,     8.18 MB ( 94%) used,   498.94 KB (  6%) free+waste,    77.25 KB ( <1%) overhead. 
       Both:     66.15 MB capacity,    64.61 MB ( 98%) used,     1.31 MB (  2%) free+waste,   242.94 KB ( <1%) overhead. 

Virtual space:
  Non-class space:       58.00 MB reserved,      57.45 MB (>99%) committed 
      Class space:        1.00 GB reserved,       8.75 MB ( <1%) committed 
             Both:        1.06 GB reserved,      66.20 MB (  6%) committed 

Chunk freelists:
   Non-Class:  38.00 KB
       Class:  8.00 KB
        Both:  46.00 KB

MaxMetaspaceSize: 17179869184.00 GB
CompressedClassSpaceSize: 1.00 GB

CodeHeap 'non-profiled nmethods': size=120000Kb used=3818Kb max_used=3818Kb free=116181Kb
 bounds [0x0000024cf0060000, 0x0000024cf0420000, 0x0000024cf7590000]
CodeHeap 'profiled nmethods': size=120000Kb used=13407Kb max_used=13407Kb free=106592Kb
 bounds [0x0000024ce8b30000, 0x0000024ce9850000, 0x0000024cf0060000]
CodeHeap 'non-nmethods': size=5760Kb used=2264Kb max_used=2303Kb free=3495Kb
 bounds [0x0000024ce8590000, 0x0000024ce8800000, 0x0000024ce8b30000]
 total_blobs=7198 nmethods=6343 adapters=765
 compilation: enabled
              stopped_count=0, restarted_count=0
 full_count=0

Compilation events (20 events):
Event: 10.493 Thread 0x0000024cff7e7800 6354       1       org.gradle.api.internal.DefaultCollectionCallbackActionDecorator::access$100 (5 bytes)
Event: 10.494 Thread 0x0000024cff7e7800 nmethod 6354 0x0000024cf0415410 code [0x0000024cf04155c0, 0x0000024cf0415658]
Event: 10.494 Thread 0x0000024cff7e7800 6355       1       org.gradle.api.internal.DefaultCollectionCallbackActionDecorator$BuildOperationEmittingAction::access$000 (5 bytes)
Event: 10.494 Thread 0x0000024cff7e7800 nmethod 6355 0x0000024cf0415710 code [0x0000024cf04158c0, 0x0000024cf0415958]
Event: 10.494 Thread 0x0000024cff7e7800 6356       1       org.gradle.configuration.internal.DefaultUserCodeApplicationContext$CurrentApplication::getId (5 bytes)
Event: 10.494 Thread 0x0000024cff7e7800 nmethod 6356 0x0000024cf0415a10 code [0x0000024cf0415bc0, 0x0000024cf0415c78]
Event: 10.495 Thread 0x0000024cff7e7800 6357       3       org.gradle.api.internal.DefaultDomainObjectCollection::<init> (38 bytes)
Event: 10.495 Thread 0x0000024cff7e7800 nmethod 6357 0x0000024ce983dd90 code [0x0000024ce983df80, 0x0000024ce983e4e8]
Event: 10.495 Thread 0x0000024cff7e7800 6358       3       org.gradle.api.internal.DefaultDomainObjectCollection$1::<init> (15 bytes)
Event: 10.495 Thread 0x0000024cff7e7800 nmethod 6358 0x0000024ce983e690 code [0x0000024ce983e840, 0x0000024ce983ea58]
Event: 10.518 Thread 0x0000024cff7e7800 6359       3       com.google.common.base.Preconditions::checkNotNull (14 bytes)
Event: 10.518 Thread 0x0000024cff7e7800 nmethod 6359 0x0000024ce983eb10 code [0x0000024ce983ece0, 0x0000024ce983eea8]
Event: 10.521 Thread 0x0000024cff7e7800 6360       1       com.android.build.gradle.internal.publishing.OutputSpecImpl::getOutputType (5 bytes)
Event: 10.521 Thread 0x0000024cff7e7800 nmethod 6360 0x0000024cf0415d10 code [0x0000024cf0415ec0, 0x0000024cf0415f78]
Event: 10.524 Thread 0x0000024cff7e7800 6363       1       com.android.build.gradle.internal.publishing.OutputSpecImpl::getLibraryElements (5 bytes)
Event: 10.524 Thread 0x0000024cff7e7800 nmethod 6363 0x0000024cf0416010 code [0x0000024cf04161c0, 0x0000024cf0416278]
Event: 10.524 Thread 0x0000024cff7e7800 6364       1       com.android.build.gradle.internal.publishing.OutputSpecImpl::getArtifactType (5 bytes)
Event: 10.524 Thread 0x0000024cff7e7800 nmethod 6364 0x0000024cf0416310 code [0x0000024cf04164c0, 0x0000024cf0416578]
Event: 10.524 Thread 0x0000024cff7e7800 6365       1       com.android.build.gradle.internal.publishing.OutputSpecImpl::getPublishedConfigTypes (5 bytes)
Event: 10.524 Thread 0x0000024cff7e7800 nmethod 6365 0x0000024cf0416610 code [0x0000024cf04167c0, 0x0000024cf0416878]

GC Heap History (16 events):
Event: 0.727 GC heap before
{Heap before GC invocations=0 (full 0):
 garbage-first heap   total 260096K, used 29696K [0x0000000080000000, 0x0000000100000000)
  region size 1024K, 24 young (24576K), 0 survivors (0K)
 Metaspace       used 10179K, capacity 10363K, committed 10624K, reserved 1058816K
  class space    used 1064K, capacity 1141K, committed 1152K, reserved 1048576K
}
Event: 0.732 GC heap after
{Heap after GC invocations=1 (full 0):
 garbage-first heap   total 260096K, used 9317K [0x0000000080000000, 0x0000000100000000)
  region size 1024K, 3 young (3072K), 3 survivors (3072K)
 Metaspace       used 10179K, capacity 10363K, committed 10624K, reserved 1058816K
  class space    used 1064K, capacity 1141K, committed 1152K, reserved 1048576K
}
Event: 2.499 GC heap before
{Heap before GC invocations=1 (full 0):
 garbage-first heap   total 260096K, used 105573K [0x0000000080000000, 0x0000000100000000)
  region size 1024K, 98 young (100352K), 3 survivors (3072K)
 Metaspace       used 20623K, capacity 21124K, committed 21248K, reserved 1067008K
  class space    used 2520K, capacity 2722K, committed 2816K, reserved 1048576K
}
Event: 2.509 GC heap after
{Heap after GC invocations=2 (full 0):
 garbage-first heap   total 260096K, used 16474K [0x0000000080000000, 0x0000000100000000)
  region size 1024K, 10 young (10240K), 10 survivors (10240K)
 Metaspace       used 20623K, capacity 21124K, committed 21248K, reserved 1067008K
  class space    used 2520K, capacity 2722K, committed 2816K, reserved 1048576K
}
Event: 2.694 GC heap before
{Heap before GC invocations=3 (full 0):
 garbage-first heap   total 260096K, used 39002K [0x0000000080000000, 0x0000000100000000)
  region size 1024K, 32 young (32768K), 10 survivors (10240K)
 Metaspace       used 22441K, capacity 22998K, committed 23168K, reserved 1069056K
  class space    used 2860K, capacity 3074K, committed 3200K, reserved 1048576K
}
Event: 2.699 GC heap after
{Heap after GC invocations=4 (full 0):
 garbage-first heap   total 260096K, used 17290K [0x0000000080000000, 0x0000000100000000)
  region size 1024K, 1 young (1024K), 1 survivors (1024K)
 Metaspace       used 22441K, capacity 22998K, committed 23168K, reserved 1069056K
  class space    used 2860K, capacity 3074K, committed 3200K, reserved 1048576K
}
Event: 3.523 GC heap before
{Heap before GC invocations=4 (full 0):
 garbage-first heap   total 260096K, used 85898K [0x0000000080000000, 0x0000000100000000)
  region size 1024K, 68 young (69632K), 1 survivors (1024K)
 Metaspace       used 29302K, capacity 30007K, committed 30080K, reserved 1075200K
  class space    used 3932K, capacity 4178K, committed 4224K, reserved 1048576K
}
Event: 3.526 GC heap after
{Heap after GC invocations=5 (full 0):
 garbage-first heap   total 260096K, used 19277K [0x0000000080000000, 0x0000000100000000)
  region size 1024K, 3 young (3072K), 3 survivors (3072K)
 Metaspace       used 29302K, capacity 30007K, committed 30080K, reserved 1075200K
  class space    used 3932K, capacity 4178K, committed 4224K, reserved 1048576K
}
Event: 4.034 GC heap before
{Heap before GC invocations=5 (full 0):
 garbage-first heap   total 260096K, used 38733K [0x0000000080000000, 0x0000000100000000)
  region size 1024K, 24 young (24576K), 3 survivors (3072K)
 Metaspace       used 35033K, capacity 35798K, committed 35840K, reserved 1081344K
  class space    used 4541K, capacity 4832K, committed 4864K, reserved 1048576K
}
Event: 4.044 GC heap after
{Heap after GC invocations=6 (full 0):
 garbage-first heap   total 260096K, used 21803K [0x0000000080000000, 0x0000000100000000)
  region size 1024K, 6 young (6144K), 6 survivors (6144K)
 Metaspace       used 35033K, capacity 35798K, committed 35840K, reserved 1081344K
  class space    used 4541K, capacity 4832K, committed 4864K, reserved 1048576K
}
Event: 5.498 GC heap before
{Heap before GC invocations=7 (full 0):
 garbage-first heap   total 260096K, used 122155K [0x0000000080000000, 0x0000000100000000)
  region size 1024K, 100 young (102400K), 6 survivors (6144K)
 Metaspace       used 42944K, capacity 43988K, committed 44288K, reserved 1087488K
  class space    used 5482K, capacity 5823K, committed 5888K, reserved 1048576K
}
Event: 5.509 GC heap after
{Heap after GC invocations=8 (full 0):
 garbage-first heap   total 260096K, used 27998K [0x0000000080000000, 0x0000000100000000)
  region size 1024K, 12 young (12288K), 12 survivors (12288K)
 Metaspace       used 42944K, capacity 43988K, committed 44288K, reserved 1087488K
  class space    used 5482K, capacity 5823K, committed 5888K, reserved 1048576K
}
Event: 8.347 GC heap before
{Heap before GC invocations=8 (full 0):
 garbage-first heap   total 260096K, used 135518K [0x0000000080000000, 0x0000000100000000)
  region size 1024K, 114 young (116736K), 12 survivors (12288K)
 Metaspace       used 50189K, capacity 51532K, committed 51712K, reserved 1093632K
  class space    used 6401K, capacity 6851K, committed 6912K, reserved 1048576K
}
Event: 8.366 GC heap after
{Heap after GC invocations=9 (full 0):
 garbage-first heap   total 260096K, used 41445K [0x0000000080000000, 0x0000000100000000)
  region size 1024K, 15 young (15360K), 15 survivors (15360K)
 Metaspace       used 50189K, capacity 51532K, committed 51712K, reserved 1093632K
  class space    used 6401K, capacity 6851K, committed 6912K, reserved 1048576K
}
Event: 9.408 GC heap before
{Heap before GC invocations=9 (full 0):
 garbage-first heap   total 260096K, used 92645K [0x0000000080000000, 0x0000000100000000)
  region size 1024K, 66 young (67584K), 15 survivors (15360K)
 Metaspace       used 58470K, capacity 59979K, committed 60160K, reserved 1101824K
  class space    used 7383K, capacity 7936K, committed 7936K, reserved 1048576K
}
Event: 9.429 GC heap after
{Heap after GC invocations=10 (full 0):
 garbage-first heap   total 260096K, used 44333K [0x0000000080000000, 0x0000000100000000)
  region size 1024K, 3 young (3072K), 3 survivors (3072K)
 Metaspace       used 58470K, capacity 59979K, committed 60160K, reserved 1101824K
  class space    used 7383K, capacity 7936K, committed 7936K, reserved 1048576K
}

Deoptimization events (20 events):
Event: 10.295 Thread 0x0000024c8279d000 DEOPT PACKING pc=0x0000024cf01f2180 sp=0x00000074016f6650
Event: 10.295 Thread 0x0000024c8279d000 DEOPT UNPACKING pc=0x0000024ce85b78af sp=0x00000074016f6600 mode 2
Event: 10.336 Thread 0x0000024c8279d000 Uncommon trap: trap_request=0xfffffff4 fr.pc=0x0000024cf03f7968 relative=0x00000000000009c8
Event: 10.336 Thread 0x0000024c8279d000 Uncommon trap: reason=null_check action=make_not_entrant pc=0x0000024cf03f7968 method=com.sun.beans.introspect.MethodInfo$MethodOrder.compare(Ljava/lang/reflect/Method;Ljava/lang/reflect/Method;)I @ 133 c2
Event: 10.336 Thread 0x0000024c8279d000 DEOPT PACKING pc=0x0000024cf03f7968 sp=0x00000074016f47b0
Event: 10.336 Thread 0x0000024c8279d000 DEOPT UNPACKING pc=0x0000024ce85b78af sp=0x00000074016f46e0 mode 2
Event: 10.384 Thread 0x0000024c8279d000 Uncommon trap: trap_request=0xfffffff4 fr.pc=0x0000024cf0401c08 relative=0x00000000000009c8
Event: 10.384 Thread 0x0000024c8279d000 Uncommon trap: reason=null_check action=make_not_entrant pc=0x0000024cf0401c08 method=com.sun.beans.introspect.MethodInfo$MethodOrder.compare(Ljava/lang/reflect/Method;Ljava/lang/reflect/Method;)I @ 145 c2
Event: 10.384 Thread 0x0000024c8279d000 DEOPT PACKING pc=0x0000024cf0401c08 sp=0x00000074016f34c0
Event: 10.384 Thread 0x0000024c8279d000 DEOPT UNPACKING pc=0x0000024ce85b78af sp=0x00000074016f33f0 mode 2
Event: 10.384 Thread 0x0000024c8279d000 Uncommon trap: trap_request=0xfffffff4 fr.pc=0x0000024cf040409c relative=0x000000000000097c
Event: 10.384 Thread 0x0000024c8279d000 Uncommon trap: reason=null_check action=make_not_entrant pc=0x0000024cf040409c method=com.sun.beans.introspect.MethodInfo$MethodOrder.compare(Ljava/lang/reflect/Method;Ljava/lang/reflect/Method;)I @ 145 c2
Event: 10.384 Thread 0x0000024c8279d000 DEOPT PACKING pc=0x0000024cf040409c sp=0x00000074016f3430
Event: 10.384 Thread 0x0000024c8279d000 DEOPT UNPACKING pc=0x0000024ce85b78af sp=0x00000074016f33e8 mode 2
Event: 10.431 Thread 0x0000024c8279d000 DEOPT PACKING pc=0x0000024ce8d01ba0 sp=0x00000074016f75d0
Event: 10.431 Thread 0x0000024c8279d000 DEOPT UNPACKING pc=0x0000024ce85b76ce sp=0x00000074016f6b08 mode 0
Event: 10.453 Thread 0x0000024c8279d000 Uncommon trap: trap_request=0xffffffdc fr.pc=0x0000024cf040b0ec relative=0x00000000000002ac
Event: 10.453 Thread 0x0000024c8279d000 Uncommon trap: reason=class_check action=make_not_entrant pc=0x0000024cf040b0ec method=java.util.ArrayList.toArray([Ljava/lang/Object;)[Ljava/lang/Object; @ 21 c2
Event: 10.453 Thread 0x0000024c8279d000 DEOPT PACKING pc=0x0000024cf040b0ec sp=0x00000074016f9230
Event: 10.453 Thread 0x0000024c8279d000 DEOPT UNPACKING pc=0x0000024ce85b78af sp=0x00000074016f9200 mode 2

Classes redefined (0 events):
No events

Internal exceptions (20 events):
Event: 10.367 Thread 0x0000024c8279d000 Exception <a 'java/lang/ClassNotFoundException'{0x000000008b3993e0}: org/gradle/api/internal/DefaultNamedDomainObjectSetCustomizer> (0x000000008b3993e0) thrown at [./src/hotspot/share/classfile/systemDictionary.cpp, line 231]
Event: 10.368 Thread 0x0000024c8279d000 Exception <a 'java/lang/ClassNotFoundException'{0x000000008b3e20a0}: org/gradle/api/internal/AbstractNamedDomainObjectContainerCustomizer> (0x000000008b3e20a0) thrown at [./src/hotspot/share/classfile/systemDictionary.cpp, line 231]
Event: 10.369 Thread 0x0000024c8279d000 Exception <a 'java/lang/ClassNotFoundException'{0x000000008b229c70}: org/gradle/api/internal/FactoryNamedDomainObjectContainerCustomizer> (0x000000008b229c70) thrown at [./src/hotspot/share/classfile/systemDictionary.cpp, line 231]
Event: 10.370 Thread 0x0000024c8279d000 Exception <a 'java/lang/ClassNotFoundException'{0x000000008b269c30}: org/gradle/api/internal/FactoryNamedDomainObjectContainer_DecoratedCustomizer> (0x000000008b269c30) thrown at [./src/hotspot/share/classfile/systemDictionary.cpp, line 231]
Event: 10.383 Thread 0x0000024c8279d000 Exception <a 'java/lang/ClassNotFoundException'{0x000000008b0827c0}: com/android/build/gradle/internal/dsl/BuildType_DecoratedBeanInfo> (0x000000008b0827c0) thrown at [./src/hotspot/share/classfile/systemDictionary.cpp, line 231]
Event: 10.383 Thread 0x0000024c8279d000 Exception <a 'java/lang/ClassNotFoundException'{0x000000008b09aea8}: com/android/build/gradle/internal/dsl/BuildTypeBeanInfo> (0x000000008b09aea8) thrown at [./src/hotspot/share/classfile/systemDictionary.cpp, line 231]
Event: 10.384 Thread 0x0000024c8279d000 Exception <a 'java/lang/ClassNotFoundException'{0x000000008b0b2a08}: com/android/builder/core/AbstractBuildTypeBeanInfo> (0x000000008b0b2a08) thrown at [./src/hotspot/share/classfile/systemDictionary.cpp, line 231]
Event: 10.384 Thread 0x0000024c8279d000 Exception <a 'java/lang/ClassNotFoundException'{0x000000008b0cacb8}: com/android/builder/core/AbstractBuildTypeCustomizer> (0x000000008b0cacb8) thrown at [./src/hotspot/share/classfile/systemDictionary.cpp, line 231]
Event: 10.385 Thread 0x0000024c8279d000 Exception <a 'java/lang/ClassNotFoundException'{0x000000008b0ff9c8}: com/android/build/gradle/internal/dsl/BuildTypeCustomizer> (0x000000008b0ff9c8) thrown at [./src/hotspot/share/classfile/systemDictionary.cpp, line 231]
Event: 10.388 Thread 0x0000024c8279d000 Exception <a 'java/lang/ClassNotFoundException'{0x000000008af8c560}: com/android/build/gradle/internal/dsl/BuildType_DecoratedCustomizer> (0x000000008af8c560) thrown at [./src/hotspot/share/classfile/systemDictionary.cpp, line 231]
Event: 10.393 Thread 0x0000024c8279d000 Exception <a 'java/lang/ClassNotFoundException'{0x000000008ae4e6e0}: build_7t666rqgcq1k1wp58nnogjce7$_run_closure1$_closure4BeanInfo> (0x000000008ae4e6e0) thrown at [./src/hotspot/share/classfile/systemDictionary.cpp, line 231]
Event: 10.393 Thread 0x0000024c8279d000 Exception <a 'java/lang/ClassNotFoundException'{0x000000008ae5ee48}: build_7t666rqgcq1k1wp58nnogjce7$_run_closure1$_closure4Customizer> (0x000000008ae5ee48) thrown at [./src/hotspot/share/classfile/systemDictionary.cpp, line 231]
Event: 10.395 Thread 0x0000024c8279d000 Exception <a 'java/lang/ClassNotFoundException'{0x000000008ae87e58}: build_7t666rqgcq1k1wp58nnogjce7$_run_closure1BeanInfo> (0x000000008ae87e58) thrown at [./src/hotspot/share/classfile/systemDictionary.cpp, line 231]
Event: 10.396 Thread 0x0000024c8279d000 Exception <a 'java/lang/ClassNotFoundException'{0x000000008ae97c68}: build_7t666rqgcq1k1wp58nnogjce7$_run_closure1Customizer> (0x000000008ae97c68) thrown at [./src/hotspot/share/classfile/systemDictionary.cpp, line 231]
Event: 10.400 Thread 0x0000024c8279d000 Exception <a 'java/lang/ClassNotFoundException'{0x000000008aef5740}: org/gradle/api/JavaVersionBeanInfo> (0x000000008aef5740) thrown at [./src/hotspot/share/classfile/systemDictionary.cpp, line 231]
Event: 10.401 Thread 0x0000024c8279d000 Exception <a 'java/lang/ClassNotFoundException'{0x000000008ad1fee0}: org/gradle/api/JavaVersionCustomizer> (0x000000008ad1fee0) thrown at [./src/hotspot/share/classfile/systemDictionary.cpp, line 231]
Event: 10.403 Thread 0x0000024c8279d000 Exception <a 'java/lang/ClassNotFoundException'{0x000000008ad74c30}: com/android/build/gradle/internal/CompileOptions_DecoratedBeanInfo> (0x000000008ad74c30) thrown at [./src/hotspot/share/classfile/systemDictionary.cpp, line 231]
Event: 10.403 Thread 0x0000024c8279d000 Exception <a 'java/lang/ClassNotFoundException'{0x000000008ad8c2f8}: com/android/build/gradle/internal/CompileOptionsBeanInfo> (0x000000008ad8c2f8) thrown at [./src/hotspot/share/classfile/systemDictionary.cpp, line 231]
Event: 10.404 Thread 0x0000024c8279d000 Exception <a 'java/lang/ClassNotFoundException'{0x000000008ada3ee0}: com/android/build/gradle/internal/CompileOptionsCustomizer> (0x000000008ada3ee0) thrown at [./src/hotspot/share/classfile/systemDictionary.cpp, line 231]
Event: 10.404 Thread 0x0000024c8279d000 Exception <a 'java/lang/ClassNotFoundException'{0x000000008adc84b0}: com/android/build/gradle/internal/CompileOptions_DecoratedCustomizer> (0x000000008adc84b0) thrown at [./src/hotspot/share/classfile/systemDictionary.cpp, line 231]

Events (20 events):
Event: 10.522 loading class com/android/build/api/artifact/SingleArtifact$AAR
Event: 10.522 loading class com/android/build/api/artifact/SingleArtifact$AAR done
Event: 10.522 loading class com/android/build/api/artifact/SingleArtifact$MERGED_MANIFEST
Event: 10.522 loading class com/android/build/api/artifact/SingleArtifact$MERGED_MANIFEST done
Event: 10.522 loading class com/android/build/gradle/internal/scope/InternalArtifactType$DATA_BINDING_ARTIFACT
Event: 10.522 loading class com/android/build/gradle/internal/scope/InternalArtifactType$DATA_BINDING_ARTIFACT done
Event: 10.522 loading class com/android/build/gradle/internal/scope/InternalArtifactType$DATA_BINDING_BASE_CLASS_LOG_ARTIFACT
Event: 10.522 loading class com/android/build/gradle/internal/scope/InternalArtifactType$DATA_BINDING_BASE_CLASS_LOG_ARTIFACT done
Event: 10.523 loading class com/android/build/gradle/internal/scope/InternalArtifactType$AAR_METADATA
Event: 10.523 loading class com/android/build/gradle/internal/scope/InternalArtifactType$AAR_METADATA done
Event: 10.523 loading class com/android/build/gradle/internal/scope/InternalArtifactType$LIBRARY_ART_PROFILE
Event: 10.523 loading class com/android/build/gradle/internal/scope/InternalArtifactType$LIBRARY_ART_PROFILE done
Event: 10.523 loading class com/android/build/gradle/internal/scope/InternalArtifactType$LINT_PUBLISH_JAR
Event: 10.523 loading class com/android/build/gradle/internal/scope/InternalArtifactType$LINT_PUBLISH_JAR done
Event: 10.524 loading class com/android/build/gradle/internal/scope/InternalArtifactType$LOCAL_AAR_FOR_LINT
Event: 10.524 loading class com/android/build/gradle/internal/scope/InternalArtifactType$LOCAL_AAR_FOR_LINT done
Event: 10.524 loading class com/android/build/gradle/internal/publishing/PublishingSpecs$Companion$4
Event: 10.524 loading class com/android/build/gradle/internal/publishing/PublishingSpecs$Companion$4 done
Event: 10.524 loading class com/android/build/gradle/internal/publishing/TestFixturesVariantSpecBuilder
Event: 10.524 loading class com/android/build/gradle/internal/publishing/TestFixturesVariantSpecBuilder done


Dynamic libraries:
0x00007ff7d8b40000 - 0x00007ff7d8b4a000 	C:\Program Files\Android\Android Studio\jre\bin\java.exe
0x00007fff1e050000 - 0x00007fff1e245000 	C:\WINDOWS\SYSTEM32\ntdll.dll
0x00007fff1df50000 - 0x00007fff1e00d000 	C:\WINDOWS\System32\KERNEL32.DLL
0x00007fff1b790000 - 0x00007fff1ba59000 	C:\WINDOWS\System32\KERNELBASE.dll
0x00007fff1bcc0000 - 0x00007fff1bdc0000 	C:\WINDOWS\System32\ucrtbase.dll
0x00007fff14f40000 - 0x00007fff14f57000 	C:\Program Files\Android\Android Studio\jre\bin\VCRUNTIME140.dll
0x00007fff14430000 - 0x00007fff14449000 	C:\Program Files\Android\Android Studio\jre\bin\jli.dll
0x00007fff1c4d0000 - 0x00007fff1c670000 	C:\WINDOWS\System32\USER32.dll
0x00007fff09900000 - 0x00007fff09b9a000 	C:\WINDOWS\WinSxS\amd64_microsoft.windows.common-controls_6595b64144ccf1df_6.0.19041.1110_none_60b5254171f9507e\COMCTL32.dll
0x00007fff1bbf0000 - 0x00007fff1bc12000 	C:\WINDOWS\System32\win32u.dll
0x00007fff1c670000 - 0x00007fff1c70e000 	C:\WINDOWS\System32\msvcrt.dll
0x00007fff1d7f0000 - 0x00007fff1d81a000 	C:\WINDOWS\System32\GDI32.dll
0x00007fff1bab0000 - 0x00007fff1bbbb000 	C:\WINDOWS\System32\gdi32full.dll
0x00007fff1bc20000 - 0x00007fff1bcbd000 	C:\WINDOWS\System32\msvcp_win.dll
0x00007fff1de10000 - 0x00007fff1de40000 	C:\WINDOWS\System32\IMM32.DLL
0x00007fff09210000 - 0x00007fff092ad000 	C:\Program Files\Android\Android Studio\jre\bin\msvcp140.dll
0x00007ffed09e0000 - 0x00007ffed14af000 	C:\Program Files\Android\Android Studio\jre\bin\server\jvm.dll
0x00007fff1d740000 - 0x00007fff1d7ec000 	C:\WINDOWS\System32\ADVAPI32.dll
0x00007fff1c420000 - 0x00007fff1c4bb000 	C:\WINDOWS\System32\sechost.dll
0x00007fff1c830000 - 0x00007fff1c95a000 	C:\WINDOWS\System32\RPCRT4.dll
0x00007fff1d960000 - 0x00007fff1d968000 	C:\WINDOWS\System32\PSAPI.DLL
0x00007fff18fa0000 - 0x00007fff18fa9000 	C:\WINDOWS\SYSTEM32\WSOCK32.dll
0x00007fff06590000 - 0x00007fff065b7000 	C:\WINDOWS\SYSTEM32\WINMM.dll
0x00007fff156c0000 - 0x00007fff156ca000 	C:\WINDOWS\SYSTEM32\VERSION.dll
0x00007fff1d8f0000 - 0x00007fff1d95b000 	C:\WINDOWS\System32\WS2_32.dll
0x00007fff196c0000 - 0x00007fff196d2000 	C:\WINDOWS\SYSTEM32\kernel.appcore.dll
0x00007fff18f80000 - 0x00007fff18f91000 	C:\Program Files\Android\Android Studio\jre\bin\verify.dll
0x00007fff05d40000 - 0x00007fff05f24000 	C:\WINDOWS\SYSTEM32\DBGHELP.DLL
0x00007fff03790000 - 0x00007fff037bc000 	C:\WINDOWS\SYSTEM32\dbgcore.DLL
0x00007fff1bed0000 - 0x00007fff1bf53000 	C:\WINDOWS\System32\bcryptPrimitives.dll
0x00007fff16220000 - 0x00007fff16249000 	C:\Program Files\Android\Android Studio\jre\bin\java.dll
0x00007fff16210000 - 0x00007fff1621b000 	C:\Program Files\Android\Android Studio\jre\bin\jimage.dll
0x00007fff161f0000 - 0x00007fff16208000 	C:\Program Files\Android\Android Studio\jre\bin\zip.dll
0x00007fff1cfa0000 - 0x00007fff1d6df000 	C:\WINDOWS\System32\SHELL32.dll
0x00007fff198c0000 - 0x00007fff1a051000 	C:\WINDOWS\SYSTEM32\windows.storage.dll
0x00007fff1c0c0000 - 0x00007fff1c415000 	C:\WINDOWS\System32\combase.dll
0x00007fff1b200000 - 0x00007fff1b22c000 	C:\WINDOWS\SYSTEM32\Wldp.dll
0x00007fff1da60000 - 0x00007fff1db0e000 	C:\WINDOWS\System32\SHCORE.dll
0x00007fff1c9e0000 - 0x00007fff1ca35000 	C:\WINDOWS\System32\shlwapi.dll
0x00007fff1b6d0000 - 0x00007fff1b6ef000 	C:\WINDOWS\SYSTEM32\profapi.dll
0x00007fff16150000 - 0x00007fff1616a000 	C:\Program Files\Android\Android Studio\jre\bin\net.dll
0x00007fff12420000 - 0x00007fff1252a000 	C:\WINDOWS\SYSTEM32\WINHTTP.dll
0x00007fff1af60000 - 0x00007fff1afca000 	C:\WINDOWS\system32\mswsock.dll
0x00007fff16130000 - 0x00007fff16144000 	C:\Program Files\Android\Android Studio\jre\bin\nio.dll
0x00007fff162c0000 - 0x00007fff162e7000 	C:\Users\sumon\.gradle\native\8bec1ad78214c89d9ad589b4d07fe93259594b29d510b10fafb7a158f7737e5d\windows-amd64\native-platform.dll
0x00007fff149e0000 - 0x00007fff14b1d000 	C:\Users\sumon\.gradle\native\53dbd7edfb1c66fb8903c78663c9afc45aea4f116125fa6feffd364cf09443e8\windows-amd64\native-platform-file-events.dll
0x00007fff16120000 - 0x00007fff1612a000 	C:\Program Files\Android\Android Studio\jre\bin\management.dll
0x00007fff16110000 - 0x00007fff1611c000 	C:\Program Files\Android\Android Studio\jre\bin\management_ext.dll
0x00007fff1b150000 - 0x00007fff1b168000 	C:\WINDOWS\SYSTEM32\CRYPTSP.dll
0x00007fff1a890000 - 0x00007fff1a8c4000 	C:\WINDOWS\system32\rsaenh.dll
0x00007fff1bbc0000 - 0x00007fff1bbe7000 	C:\WINDOWS\System32\bcrypt.dll
0x00007fff1b690000 - 0x00007fff1b6be000 	C:\WINDOWS\SYSTEM32\USERENV.dll
0x00007fff1b140000 - 0x00007fff1b14c000 	C:\WINDOWS\SYSTEM32\CRYPTBASE.dll
0x00007fff1ac00000 - 0x00007fff1ac3b000 	C:\WINDOWS\SYSTEM32\IPHLPAPI.DLL
0x00007fff1cf90000 - 0x00007fff1cf98000 	C:\WINDOWS\System32\NSI.dll
0x00007fff14e70000 - 0x00007fff14e87000 	C:\WINDOWS\SYSTEM32\dhcpcsvc6.DLL
0x00007fff14e50000 - 0x00007fff14e6d000 	C:\WINDOWS\SYSTEM32\dhcpcsvc.DLL
0x00007fff1ac40000 - 0x00007fff1ad0c000 	C:\WINDOWS\SYSTEM32\DNSAPI.dll

dbghelp: loaded successfully - version: 4.0.5 - missing functions: none
symbol engine: initialized successfully - sym options: 0x614 - pdb path: .;C:\Program Files\Android\Android Studio\jre\bin;C:\WINDOWS\SYSTEM32;C:\WINDOWS\WinSxS\amd64_microsoft.windows.common-controls_6595b64144ccf1df_6.0.19041.1110_none_60b5254171f9507e;C:\Program Files\Android\Android Studio\jre\bin\server;C:\Users\sumon\.gradle\native\8bec1ad78214c89d9ad589b4d07fe93259594b29d510b10fafb7a158f7737e5d\windows-amd64;C:\Users\sumon\.gradle\native\53dbd7edfb1c66fb8903c78663c9afc45aea4f116125fa6feffd364cf09443e8\windows-amd64

VM Arguments:
jvm_args: --add-opens=java.base/java.util=ALL-UNNAMED --add-opens=java.base/java.lang=ALL-UNNAMED --add-opens=java.base/java.lang.invoke=ALL-UNNAMED --add-opens=java.base/java.util=ALL-UNNAMED --add-opens=java.prefs/java.util.prefs=ALL-UNNAMED --add-opens=java.prefs/java.util.prefs=ALL-UNNAMED --add-opens=java.base/java.nio.charset=ALL-UNNAMED --add-opens=java.base/java.net=ALL-UNNAMED --add-opens=java.base/java.util.concurrent.atomic=ALL-UNNAMED -Xmx2048m -Dfile.encoding=UTF-8 -Duser.country=IN -Duser.language=en -Duser.variant 
java_command: org.gradle.launcher.daemon.bootstrap.GradleDaemon 7.0.2
java_class_path (initial): C:\Users\sumon\.gradle\wrapper\dists\gradle-7.0.2-bin\857tjihv64xamwrf0h14cai3r\gradle-7.0.2\lib\gradle-launcher-7.0.2.jar
Launcher Type: SUN_STANDARD

[Global flags]
     intx CICompilerCount                          = 4                                         {product} {ergonomic}
     uint ConcGCThreads                            = 2                                         {product} {ergonomic}
     uint G1ConcRefinementThreads                  = 8                                         {product} {ergonomic}
   size_t G1HeapRegionSize                         = 1048576                                   {product} {ergonomic}
    uintx GCDrainStackTargetSize                   = 64                                        {product} {ergonomic}
   size_t InitialHeapSize                          = 266338304                                 {product} {ergonomic}
   size_t MarkStackSize                            = 4194304                                   {product} {ergonomic}
   size_t MaxHeapSize                              = 2147483648                                {product} {command line}
   size_t MaxNewSize                               = 1287651328                                {product} {ergonomic}
   size_t MinHeapDeltaBytes                        = 1048576                                   {product} {ergonomic}
    uintx NonNMethodCodeHeapSize                   = 5836300                                {pd product} {ergonomic}
    uintx NonProfiledCodeHeapSize                  = 122910970                              {pd product} {ergonomic}
    uintx ProfiledCodeHeapSize                     = 122910970                              {pd product} {ergonomic}
    uintx ReservedCodeCacheSize                    = 251658240                              {pd product} {ergonomic}
     bool SegmentedCodeCache                       = true                                      {product} {ergonomic}
     bool UseCompressedClassPointers               = true                                 {lp64_product} {ergonomic}
     bool UseCompressedOops                        = true                                 {lp64_product} {ergonomic}
     bool UseG1GC                                  = true                                      {product} {ergonomic}
     bool UseLargePagesIndividualAllocation        = false                                  {pd product} {ergonomic}

Logging:
Log output configuration:
 #0: stdout all=warning uptime,level,tags
 #1: stderr all=off uptime,level,tags

Environment Variables:
PATH=C:\Windows\system32;C:\Windows;C:\Windows\System32\Wbem;C:\Windows\System32\WindowsPowerShell\v1.0\;C:\Windows\System32\OpenSSH\;C:\Program Files (x86)\NVIDIA Corporation\PhysX\Common;C:\WINDOWS\system32;C:\WINDOWS;C:\WINDOWS\System32\Wbem;C:\WINDOWS\System32\WindowsPowerShell\v1.0\;C:\WINDOWS\System32\OpenSSH\;C:\Program Files\NVIDIA Corporation\NVIDIA NvDLISR;C:\Users\sumon\AppData\Local\Programs\Python\Python39\Scripts\;C:\Users\sumon\AppData\Local\Programs\Python\Python39\;C:\Users\sumon\AppData\Local\Microsoft\WindowsApps;;C:\Program Files\JetBrains\PyCharm Community Edition 2021.1.2\bin;
USERNAME=sumon
OS=Windows_NT
PROCESSOR_IDENTIFIER=Intel64 Family 6 Model 158 Stepping 10, GenuineIntel



---------------  S Y S T E M  ---------------

OS: Windows 10 , 64 bit Build 19041 (10.0.19041.1023)
OS uptime: 0 days 4:07 hours

CPU:total 8 (initial active 8) (4 cores per cpu, 2 threads per core) family 6 model 158 stepping 10 microcode 0xde, cmov, cx8, fxsr, mmx, sse, sse2, sse3, ssse3, sse4.1, sse4.2, popcnt, avx, avx2, aes, clmul, erms, 3dnowpref, lzcnt, ht, tsc, tscinvbit, bmi1, bmi2, adx, fma

Memory: 4k page, system-wide physical 16221M (5482M free)
TotalPageFile size 18653M (AvailPageFile size 5390M)
current process WorkingSet (physical memory assigned to process): 383M, peak: 388M
current process commit charge ("private bytes"): 505M, peak: 508M

vm_info: OpenJDK 64-Bit Server VM (11.0.10+0-b96-7249189) for windows-amd64 JRE (11.0.10+0-b96-7249189), built on Mar 31 2021 21:44:00 by "builder" with MS VC++ 14.0 (VS2015)

END.
